0 verbose cli /home/ubuntu/.nvm/versions/node/v22.13.0/bin/node /home/ubuntu/.nvm/versions/node/v22.13.0/bin/npm
1 info using npm@10.9.2
2 info using node@v22.13.0
3 silly config load:file:/home/ubuntu/.nvm/versions/node/v22.13.0/lib/node_modules/npm/npmrc
4 silly config load:file:/home/ubuntu/constructx/backend/.npmrc
5 silly config load:file:/home/ubuntu/.npmrc
6 silly config load:file:/home/ubuntu/.nvm/versions/node/v22.13.0/etc/npmrc
7 verbose title npm install pg bcryptjs jsonwebtoken
8 verbose argv "install" "pg" "bcryptjs" "jsonwebtoken"
9 verbose logfile logs-max:10 dir:/home/ubuntu/.npm/_logs/2025-07-09T07_08_56_791Z-
10 verbose logfile /home/ubuntu/.npm/_logs/2025-07-09T07_08_56_791Z-debug-0.log
11 silly logfile start cleaning logs, removing 1 files
12 silly logfile done cleaning log files
13 silly packumentCache heap:2117074944 maxSize:529268736 maxEntrySize:264634368
14 silly idealTree buildDeps
15 silly fetch manifest pg@*
16 silly packumentCache full:https://registry.npmjs.org/pg cache-miss
17 http fetch GET 200 https://registry.npmjs.org/pg 155ms (cache miss)
18 silly packumentCache full:https://registry.npmjs.org/pg set size:undefined disposed:false
19 silly fetch manifest pg-native@>=3.0.1
20 silly packumentCache full:https://registry.npmjs.org/pg-native cache-miss
21 http fetch GET 200 https://registry.npmjs.org/pg-native 36ms (cache miss)
22 silly packumentCache full:https://registry.npmjs.org/pg-native set size:undefined disposed:false
23 silly fetch manifest bcryptjs@*
24 silly packumentCache full:https://registry.npmjs.org/bcryptjs cache-miss
25 http fetch GET 200 https://registry.npmjs.org/bcryptjs 30ms (cache miss)
26 silly packumentCache full:https://registry.npmjs.org/bcryptjs set size:undefined disposed:false
27 silly fetch manifest jsonwebtoken@*
28 silly packumentCache full:https://registry.npmjs.org/jsonwebtoken cache-miss
29 http fetch GET 200 https://registry.npmjs.org/jsonwebtoken 31ms (cache miss)
30 silly packumentCache full:https://registry.npmjs.org/jsonwebtoken set size:undefined disposed:false
31 silly placeDep ROOT bcryptjs@3.0.2 OK for: constructx-backend@1.0.0 want: *
32 silly placeDep ROOT jsonwebtoken@9.0.2 OK for: constructx-backend@1.0.0 want: *
33 silly placeDep ROOT pg@8.16.3 OK for: constructx-backend@1.0.0 want: *
34 silly fetch manifest ms@^2.1.1
35 silly packumentCache full:https://registry.npmjs.org/ms cache-miss
36 silly fetch manifest jws@^3.2.2
37 silly packumentCache full:https://registry.npmjs.org/jws cache-miss
38 silly fetch manifest lodash.once@^4.0.0
39 silly packumentCache full:https://registry.npmjs.org/lodash.once cache-miss
40 http fetch GET 200 https://registry.npmjs.org/jws 47ms (cache miss)
41 silly packumentCache full:https://registry.npmjs.org/jws set size:undefined disposed:false
42 silly fetch manifest lodash.includes@^4.3.0
43 silly packumentCache full:https://registry.npmjs.org/lodash.includes cache-miss
44 http fetch GET 200 https://registry.npmjs.org/lodash.once 53ms (cache miss)
45 silly packumentCache full:https://registry.npmjs.org/lodash.once set size:undefined disposed:false
46 silly fetch manifest lodash.isnumber@^3.0.3
47 silly packumentCache full:https://registry.npmjs.org/lodash.isnumber cache-miss
48 http fetch GET 200 https://registry.npmjs.org/lodash.includes 38ms (cache miss)
49 silly packumentCache full:https://registry.npmjs.org/lodash.includes set size:undefined disposed:false
50 silly fetch manifest lodash.isstring@^4.0.1
51 silly packumentCache full:https://registry.npmjs.org/lodash.isstring cache-miss
52 http fetch GET 200 https://registry.npmjs.org/lodash.isnumber 37ms (cache miss)
53 silly packumentCache full:https://registry.npmjs.org/lodash.isnumber set size:undefined disposed:false
54 silly fetch manifest lodash.isboolean@^3.0.3
55 silly packumentCache full:https://registry.npmjs.org/lodash.isboolean cache-miss
56 http fetch GET 200 https://registry.npmjs.org/lodash.isstring 47ms (cache miss)
57 silly packumentCache full:https://registry.npmjs.org/lodash.isstring set size:undefined disposed:false
58 silly fetch manifest lodash.isinteger@^4.0.4
59 silly packumentCache full:https://registry.npmjs.org/lodash.isinteger cache-miss
60 http fetch GET 200 https://registry.npmjs.org/lodash.isboolean 45ms (cache miss)
61 silly packumentCache full:https://registry.npmjs.org/lodash.isboolean set size:undefined disposed:false
62 silly fetch manifest lodash.isplainobject@^4.0.6
63 silly packumentCache full:https://registry.npmjs.org/lodash.isplainobject cache-miss
64 http fetch GET 200 https://registry.npmjs.org/lodash.isplainobject 60ms (cache miss)
65 silly packumentCache full:https://registry.npmjs.org/lodash.isplainobject set size:undefined disposed:false
66 silly fetch manifest pg-connection-string@^2.9.1
67 silly packumentCache full:https://registry.npmjs.org/pg-connection-string cache-miss
68 http fetch GET 200 https://registry.npmjs.org/lodash.isinteger 95ms (cache miss)
69 silly packumentCache full:https://registry.npmjs.org/lodash.isinteger set size:undefined disposed:false
70 silly fetch manifest pg-pool@^3.10.1
71 silly packumentCache full:https://registry.npmjs.org/pg-pool cache-miss
72 http fetch GET 200 https://registry.npmjs.org/pg-connection-string 35ms (cache miss)
73 silly packumentCache full:https://registry.npmjs.org/pg-connection-string set size:undefined disposed:false
74 silly fetch manifest pg-protocol@^1.10.3
75 silly packumentCache full:https://registry.npmjs.org/pg-protocol cache-miss
76 http fetch GET 200 https://registry.npmjs.org/pg-pool 31ms (cache miss)
77 silly packumentCache full:https://registry.npmjs.org/pg-pool set size:undefined disposed:false
78 silly fetch manifest pg-types@2.2.0
79 silly packumentCache full:https://registry.npmjs.org/pg-types cache-miss
80 http fetch GET 200 https://registry.npmjs.org/pg-protocol 34ms (cache miss)
81 silly packumentCache full:https://registry.npmjs.org/pg-protocol set size:undefined disposed:false
82 silly fetch manifest pgpass@1.0.5
83 silly packumentCache full:https://registry.npmjs.org/pgpass cache-miss
84 http fetch GET 200 https://registry.npmjs.org/pg-types 40ms (cache miss)
85 silly packumentCache full:https://registry.npmjs.org/pg-types set size:undefined disposed:false
86 silly fetch manifest pg-cloudflare@^1.2.7
87 silly packumentCache full:https://registry.npmjs.org/pg-cloudflare cache-miss
88 http fetch GET 200 https://registry.npmjs.org/ms 312ms (cache revalidated)
89 silly packumentCache full:https://registry.npmjs.org/ms set size:84883 disposed:false
90 http fetch GET 200 https://registry.npmjs.org/pg-cloudflare 29ms (cache miss)
91 silly packumentCache full:https://registry.npmjs.org/pg-cloudflare set size:undefined disposed:false
92 http fetch GET 200 https://registry.npmjs.org/pgpass 137ms (cache miss)
93 silly packumentCache full:https://registry.npmjs.org/pgpass set size:undefined disposed:false
94 silly placeDep ROOT jws@3.2.2 OK for: jsonwebtoken@9.0.2 want: ^3.2.2
95 silly placeDep ROOT lodash.includes@4.3.0 OK for: jsonwebtoken@9.0.2 want: ^4.3.0
96 silly placeDep ROOT lodash.isboolean@3.0.3 OK for: jsonwebtoken@9.0.2 want: ^3.0.3
97 silly placeDep ROOT lodash.isinteger@4.0.4 OK for: jsonwebtoken@9.0.2 want: ^4.0.4
98 silly placeDep ROOT lodash.isnumber@3.0.3 OK for: jsonwebtoken@9.0.2 want: ^3.0.3
99 silly placeDep ROOT lodash.isplainobject@4.0.6 OK for: jsonwebtoken@9.0.2 want: ^4.0.6
100 silly placeDep ROOT lodash.isstring@4.0.1 OK for: jsonwebtoken@9.0.2 want: ^4.0.1
101 silly placeDep ROOT lodash.once@4.1.1 OK for: jsonwebtoken@9.0.2 want: ^4.0.0
102 silly placeDep node_modules/jsonwebtoken ms@2.1.3 OK for: jsonwebtoken@9.0.2 want: ^2.1.1
103 silly fetch manifest jwa@^1.4.1
104 silly packumentCache full:https://registry.npmjs.org/jwa cache-miss
105 http fetch GET 200 https://registry.npmjs.org/jwa 35ms (cache miss)
106 silly packumentCache full:https://registry.npmjs.org/jwa set size:undefined disposed:false
107 silly placeDep ROOT jwa@1.4.2 OK for: jws@3.2.2 want: ^1.4.1
108 silly fetch manifest ecdsa-sig-formatter@1.0.11
109 silly packumentCache full:https://registry.npmjs.org/ecdsa-sig-formatter cache-miss
110 silly fetch manifest buffer-equal-constant-time@^1.0.1
111 silly packumentCache full:https://registry.npmjs.org/buffer-equal-constant-time cache-miss
112 http fetch GET 200 https://registry.npmjs.org/ecdsa-sig-formatter 22ms (cache miss)
113 silly packumentCache full:https://registry.npmjs.org/ecdsa-sig-formatter set size:undefined disposed:false
114 http fetch GET 200 https://registry.npmjs.org/buffer-equal-constant-time 32ms (cache miss)
115 silly packumentCache full:https://registry.npmjs.org/buffer-equal-constant-time set size:undefined disposed:false
116 silly placeDep ROOT buffer-equal-constant-time@1.0.1 OK for: jwa@1.4.2 want: ^1.0.1
117 silly placeDep ROOT ecdsa-sig-formatter@1.0.11 OK for: jwa@1.4.2 want: 1.0.11
118 silly fetch manifest pg@>=8.0
119 silly packumentCache full:https://registry.npmjs.org/pg cache-miss
120 http cache https://registry.npmjs.org/pg 4ms (cache hit)
121 silly packumentCache full:https://registry.npmjs.org/pg set size:461675 disposed:false
122 silly placeDep ROOT pg-cloudflare@1.2.7 OK for: pg@8.16.3 want: ^1.2.7
123 silly placeDep ROOT pg-connection-string@2.9.1 OK for: pg@8.16.3 want: ^2.9.1
124 silly placeDep ROOT pg-pool@3.10.1 OK for: pg@8.16.3 want: ^3.10.1
125 silly placeDep ROOT pg-protocol@1.10.3 OK for: pg@8.16.3 want: ^1.10.3
126 silly placeDep ROOT pg-types@2.2.0 OK for: pg@8.16.3 want: 2.2.0
127 silly placeDep ROOT pgpass@1.0.5 OK for: pg@8.16.3 want: 1.0.5
128 silly fetch manifest pg-int8@1.0.1
129 silly packumentCache full:https://registry.npmjs.org/pg-int8 cache-miss
130 silly fetch manifest postgres-array@~2.0.0
131 silly packumentCache full:https://registry.npmjs.org/postgres-array cache-miss
132 silly fetch manifest postgres-bytea@~1.0.0
133 silly packumentCache full:https://registry.npmjs.org/postgres-bytea cache-miss
134 http fetch GET 200 https://registry.npmjs.org/postgres-array 36ms (cache miss)
135 silly packumentCache full:https://registry.npmjs.org/postgres-array set size:undefined disposed:false
136 silly fetch manifest postgres-date@~1.0.4
137 silly packumentCache full:https://registry.npmjs.org/postgres-date cache-miss
138 http fetch GET 200 https://registry.npmjs.org/pg-int8 39ms (cache miss)
139 silly packumentCache full:https://registry.npmjs.org/pg-int8 set size:undefined disposed:false
140 silly fetch manifest postgres-interval@^1.1.0
141 silly packumentCache full:https://registry.npmjs.org/postgres-interval cache-miss
142 http fetch GET 200 https://registry.npmjs.org/postgres-bytea 40ms (cache miss)
143 silly packumentCache full:https://registry.npmjs.org/postgres-bytea set size:undefined disposed:false
144 silly fetch manifest split2@^4.1.0
145 silly packumentCache full:https://registry.npmjs.org/split2 cache-miss
146 http fetch GET 200 https://registry.npmjs.org/postgres-date 24ms (cache miss)
147 silly packumentCache full:https://registry.npmjs.org/postgres-date set size:undefined disposed:false
148 http fetch GET 200 https://registry.npmjs.org/postgres-interval 30ms (cache miss)
149 silly packumentCache full:https://registry.npmjs.org/postgres-interval set size:undefined disposed:false
150 http fetch GET 200 https://registry.npmjs.org/split2 31ms (cache miss)
151 silly packumentCache full:https://registry.npmjs.org/split2 set size:undefined disposed:false
152 silly placeDep ROOT pg-int8@1.0.1 OK for: pg-types@2.2.0 want: 1.0.1
153 silly placeDep ROOT postgres-array@2.0.0 OK for: pg-types@2.2.0 want: ~2.0.0
154 silly placeDep ROOT postgres-bytea@1.0.0 OK for: pg-types@2.2.0 want: ~1.0.0
155 silly placeDep ROOT postgres-date@1.0.7 OK for: pg-types@2.2.0 want: ~1.0.4
156 silly placeDep ROOT postgres-interval@1.2.0 OK for: pg-types@2.2.0 want: ^1.1.0
157 silly fetch manifest xtend@^4.0.0
158 silly packumentCache full:https://registry.npmjs.org/xtend cache-miss
159 http fetch GET 200 https://registry.npmjs.org/xtend 24ms (cache miss)
160 silly packumentCache full:https://registry.npmjs.org/xtend set size:undefined disposed:false
161 silly placeDep ROOT split2@4.2.0 OK for: pgpass@1.0.5 want: ^4.1.0
162 silly placeDep ROOT xtend@4.0.2 OK for: postgres-interval@1.2.0 want: ^4.0.0
163 silly reify moves {}
164 silly audit bulk request {
164 silly audit   accepts: [ '1.3.8' ],
164 silly audit   anymatch: [ '3.1.3' ],
164 silly audit   'array-flatten': [ '1.1.1' ],
164 silly audit   'balanced-match': [ '1.0.2' ],
164 silly audit   'binary-extensions': [ '2.3.0' ],
164 silly audit   'body-parser': [ '1.20.3' ],
164 silly audit   'brace-expansion': [ '1.1.12' ],
164 silly audit   braces: [ '3.0.3' ],
164 silly audit   bytes: [ '3.1.2' ],
164 silly audit   'call-bind-apply-helpers': [ '1.0.2' ],
164 silly audit   'call-bound': [ '1.0.4' ],
164 silly audit   chokidar: [ '3.6.0' ],
164 silly audit   'concat-map': [ '0.0.1' ],
164 silly audit   'content-disposition': [ '0.5.4' ],
164 silly audit   'content-type': [ '1.0.5' ],
164 silly audit   cookie: [ '0.7.1' ],
164 silly audit   'cookie-signature': [ '1.0.6' ],
164 silly audit   cors: [ '2.8.5' ],
164 silly audit   debug: [ '2.6.9', '4.4.1' ],
164 silly audit   depd: [ '2.0.0' ],
164 silly audit   destroy: [ '1.2.0' ],
164 silly audit   'dunder-proto': [ '1.0.1' ],
164 silly audit   'ee-first': [ '1.1.1' ],
164 silly audit   encodeurl: [ '2.0.0', '1.0.2' ],
164 silly audit   'es-define-property': [ '1.0.1' ],
164 silly audit   'es-errors': [ '1.3.0' ],
164 silly audit   'es-object-atoms': [ '1.1.1' ],
164 silly audit   'escape-html': [ '1.0.3' ],
164 silly audit   etag: [ '1.8.1' ],
164 silly audit   express: [ '4.21.2' ],
164 silly audit   'fill-range': [ '7.1.1' ],
164 silly audit   finalhandler: [ '1.3.1' ],
164 silly audit   forwarded: [ '0.2.0' ],
164 silly audit   fresh: [ '0.5.2' ],
164 silly audit   fsevents: [ '2.3.3' ],
164 silly audit   'function-bind': [ '1.1.2' ],
164 silly audit   'get-intrinsic': [ '1.3.0' ],
164 silly audit   'get-proto': [ '1.0.1' ],
164 silly audit   'glob-parent': [ '5.1.2' ],
164 silly audit   gopd: [ '1.2.0' ],
164 silly audit   'has-flag': [ '3.0.0' ],
164 silly audit   'has-symbols': [ '1.1.0' ],
164 silly audit   hasown: [ '2.0.2' ],
164 silly audit   'http-errors': [ '2.0.0' ],
164 silly audit   'iconv-lite': [ '0.4.24' ],
164 silly audit   'ignore-by-default': [ '1.0.1' ],
164 silly audit   inherits: [ '2.0.4' ],
164 silly audit   'ipaddr.js': [ '1.9.1' ],
164 silly audit   'is-binary-path': [ '2.1.0' ],
164 silly audit   'is-extglob': [ '2.1.1' ],
164 silly audit   'is-glob': [ '4.0.3' ],
164 silly audit   'is-number': [ '7.0.0' ],
164 silly audit   'math-intrinsics': [ '1.1.0' ],
164 silly audit   'media-typer': [ '0.3.0' ],
164 silly audit   'merge-descriptors': [ '1.0.3' ],
164 silly audit   methods: [ '1.1.2' ],
164 silly audit   mime: [ '1.6.0' ],
164 silly audit   'mime-db': [ '1.52.0' ],
164 silly audit   'mime-types': [ '2.1.35' ],
164 silly audit   minimatch: [ '3.1.2' ],
164 silly audit   ms: [ '2.0.0', '2.1.3' ],
164 silly audit   negotiator: [ '0.6.3' ],
164 silly audit   nodemon: [ '3.1.10' ],
164 silly audit   'normalize-path': [ '3.0.0' ],
164 silly audit   'object-assign': [ '4.1.1' ],
164 silly audit   'object-inspect': [ '1.13.4' ],
164 silly audit   'on-finished': [ '2.4.1' ],
164 silly audit   parseurl: [ '1.3.3' ],
164 silly audit   'path-to-regexp': [ '0.1.12' ],
164 silly audit   picomatch: [ '2.3.1' ],
164 silly audit   'proxy-addr': [ '2.0.7' ],
164 silly audit   'pstree.remy': [ '1.1.8' ],
164 silly audit   qs: [ '6.13.0' ],
164 silly audit   'range-parser': [ '1.2.1' ],
164 silly audit   'raw-body': [ '2.5.2' ],
164 silly audit   readdirp: [ '3.6.0' ],
164 silly audit   'safe-buffer': [ '5.2.1' ],
164 silly audit   'safer-buffer': [ '2.1.2' ],
164 silly audit   semver: [ '7.7.2' ],
164 silly audit   send: [ '0.19.0' ],
164 silly audit   'serve-static': [ '1.16.2' ],
164 silly audit   setprototypeof: [ '1.2.0' ],
164 silly audit   'side-channel': [ '1.1.0' ],
164 silly audit   'side-channel-list': [ '1.0.0' ],
164 silly audit   'side-channel-map': [ '1.0.1' ],
164 silly audit   'side-channel-weakmap': [ '1.0.2' ],
164 silly audit   'simple-update-notifier': [ '2.0.0' ],
164 silly audit   statuses: [ '2.0.1' ],
164 silly audit   'supports-color': [ '5.5.0' ],
164 silly audit   'to-regex-range': [ '5.0.1' ],
164 silly audit   toidentifier: [ '1.0.1' ],
164 silly audit   touch: [ '3.1.1' ],
164 silly audit   'type-is': [ '1.6.18' ],
164 silly audit   undefsafe: [ '2.0.5' ],
164 silly audit   unpipe: [ '1.0.0' ],
164 silly audit   'utils-merge': [ '1.0.1' ],
164 silly audit   vary: [ '1.1.2' ],
164 silly audit   bcryptjs: [ '3.0.2' ],
164 silly audit   jsonwebtoken: [ '9.0.2' ],
164 silly audit   pg: [ '8.16.3' ],
164 silly audit   jws: [ '3.2.2' ],
164 silly audit   'lodash.includes': [ '4.3.0' ],
164 silly audit   'lodash.isboolean': [ '3.0.3' ],
164 silly audit   'lodash.isinteger': [ '4.0.4' ],
164 silly audit   'lodash.isnumber': [ '3.0.3' ],
164 silly audit   'lodash.isplainobject': [ '4.0.6' ],
164 silly audit   'lodash.isstring': [ '4.0.1' ],
164 silly audit   'lodash.once': [ '4.1.1' ],
164 silly audit   jwa: [ '1.4.2' ],
164 silly audit   'buffer-equal-constant-time': [ '1.0.1' ],
164 silly audit   'ecdsa-sig-formatter': [ '1.0.11' ],
164 silly audit   'pg-cloudflare': [ '1.2.7' ],
164 silly audit   'pg-connection-string': [ '2.9.1' ],
164 silly audit   'pg-pool': [ '3.10.1' ],
164 silly audit   'pg-protocol': [ '1.10.3' ],
164 silly audit   'pg-types': [ '2.2.0' ],
164 silly audit   pgpass: [ '1.0.5' ],
164 silly audit   'pg-int8': [ '1.0.1' ],
164 silly audit   'postgres-array': [ '2.0.0' ],
164 silly audit   'postgres-bytea': [ '1.0.0' ],
164 silly audit   'postgres-date': [ '1.0.7' ],
164 silly audit   'postgres-interval': [ '1.2.0' ],
164 silly audit   split2: [ '4.2.0' ],
164 silly audit   xtend: [ '4.0.2' ]
164 silly audit }
165 verbose reify failed optional dependency /home/ubuntu/constructx/backend/node_modules/fsevents
166 silly reify mark deleted [ '/home/ubuntu/constructx/backend/node_modules/fsevents' ]
167 http cache xtend@https://registry.npmjs.org/xtend/-/xtend-4.0.2.tgz 0ms (cache hit)
168 http cache split2@https://registry.npmjs.org/split2/-/split2-4.2.0.tgz 0ms (cache hit)
169 http cache postgres-date@https://registry.npmjs.org/postgres-date/-/postgres-date-1.0.7.tgz 0ms (cache hit)
170 http cache postgres-interval@https://registry.npmjs.org/postgres-interval/-/postgres-interval-1.2.0.tgz 0ms (cache hit)
171 http cache postgres-bytea@https://registry.npmjs.org/postgres-bytea/-/postgres-bytea-1.0.0.tgz 0ms (cache hit)
172 http cache pg-int8@https://registry.npmjs.org/pg-int8/-/pg-int8-1.0.1.tgz 0ms (cache hit)
173 http cache pgpass@https://registry.npmjs.org/pgpass/-/pgpass-1.0.5.tgz 0ms (cache hit)
174 http cache postgres-array@https://registry.npmjs.org/postgres-array/-/postgres-array-2.0.0.tgz 0ms (cache hit)
175 http cache pg-types@https://registry.npmjs.org/pg-types/-/pg-types-2.2.0.tgz 0ms (cache hit)
176 http cache pg-pool@https://registry.npmjs.org/pg-pool/-/pg-pool-3.10.1.tgz 0ms (cache hit)
177 http cache pg-protocol@https://registry.npmjs.org/pg-protocol/-/pg-protocol-1.10.3.tgz 0ms (cache hit)
178 http cache pg-cloudflare@https://registry.npmjs.org/pg-cloudflare/-/pg-cloudflare-1.2.7.tgz 0ms (cache hit)
179 http cache ecdsa-sig-formatter@https://registry.npmjs.org/ecdsa-sig-formatter/-/ecdsa-sig-formatter-1.0.11.tgz 0ms (cache hit)
180 http cache buffer-equal-constant-time@https://registry.npmjs.org/buffer-equal-constant-time/-/buffer-equal-constant-time-1.0.1.tgz 0ms (cache hit)
181 http cache jwa@https://registry.npmjs.org/jwa/-/jwa-1.4.2.tgz 0ms (cache hit)
182 http cache lodash.once@https://registry.npmjs.org/lodash.once/-/lodash.once-4.1.1.tgz 0ms (cache hit)
183 http cache lodash.isplainobject@https://registry.npmjs.org/lodash.isplainobject/-/lodash.isplainobject-4.0.6.tgz 0ms (cache hit)
184 http cache lodash.isstring@https://registry.npmjs.org/lodash.isstring/-/lodash.isstring-4.0.1.tgz 0ms (cache hit)
185 http cache lodash.isnumber@https://registry.npmjs.org/lodash.isnumber/-/lodash.isnumber-3.0.3.tgz 0ms (cache hit)
186 http cache lodash.isinteger@https://registry.npmjs.org/lodash.isinteger/-/lodash.isinteger-4.0.4.tgz 0ms (cache hit)
187 http cache lodash.isboolean@https://registry.npmjs.org/lodash.isboolean/-/lodash.isboolean-3.0.3.tgz 0ms (cache hit)
188 http cache lodash.includes@https://registry.npmjs.org/lodash.includes/-/lodash.includes-4.3.0.tgz 0ms (cache hit)
189 http cache jws@https://registry.npmjs.org/jws/-/jws-3.2.2.tgz 0ms (cache hit)
190 http cache pg@https://registry.npmjs.org/pg/-/pg-8.16.3.tgz 0ms (cache hit)
191 http cache jsonwebtoken@https://registry.npmjs.org/jsonwebtoken/-/jsonwebtoken-9.0.2.tgz 0ms (cache hit)
192 http cache pg-connection-string@https://registry.npmjs.org/pg-connection-string/-/pg-connection-string-2.9.1.tgz 0ms (cache hit)
193 http cache bcryptjs@https://registry.npmjs.org/bcryptjs/-/bcryptjs-3.0.2.tgz 0ms (cache hit)
194 http cache ms@https://registry.npmjs.org/ms/-/ms-2.1.3.tgz 0ms (cache hit)
195 silly tarball no local data for xtend@https://registry.npmjs.org/xtend/-/xtend-4.0.2.tgz. Extracting by manifest.
196 silly tarball no local data for split2@https://registry.npmjs.org/split2/-/split2-4.2.0.tgz. Extracting by manifest.
197 silly tarball no local data for postgres-date@https://registry.npmjs.org/postgres-date/-/postgres-date-1.0.7.tgz. Extracting by manifest.
198 silly tarball no local data for postgres-interval@https://registry.npmjs.org/postgres-interval/-/postgres-interval-1.2.0.tgz. Extracting by manifest.
199 silly tarball no local data for postgres-bytea@https://registry.npmjs.org/postgres-bytea/-/postgres-bytea-1.0.0.tgz. Extracting by manifest.
200 silly tarball no local data for pg-int8@https://registry.npmjs.org/pg-int8/-/pg-int8-1.0.1.tgz. Extracting by manifest.
201 silly tarball no local data for pgpass@https://registry.npmjs.org/pgpass/-/pgpass-1.0.5.tgz. Extracting by manifest.
202 silly tarball no local data for postgres-array@https://registry.npmjs.org/postgres-array/-/postgres-array-2.0.0.tgz. Extracting by manifest.
203 silly tarball no local data for pg-types@https://registry.npmjs.org/pg-types/-/pg-types-2.2.0.tgz. Extracting by manifest.
204 silly tarball no local data for pg-pool@https://registry.npmjs.org/pg-pool/-/pg-pool-3.10.1.tgz. Extracting by manifest.
205 silly tarball no local data for pg-protocol@https://registry.npmjs.org/pg-protocol/-/pg-protocol-1.10.3.tgz. Extracting by manifest.
206 silly tarball no local data for pg-cloudflare@https://registry.npmjs.org/pg-cloudflare/-/pg-cloudflare-1.2.7.tgz. Extracting by manifest.
207 silly tarball no local data for ecdsa-sig-formatter@https://registry.npmjs.org/ecdsa-sig-formatter/-/ecdsa-sig-formatter-1.0.11.tgz. Extracting by manifest.
208 silly tarball no local data for buffer-equal-constant-time@https://registry.npmjs.org/buffer-equal-constant-time/-/buffer-equal-constant-time-1.0.1.tgz. Extracting by manifest.
209 silly tarball no local data for jwa@https://registry.npmjs.org/jwa/-/jwa-1.4.2.tgz. Extracting by manifest.
210 silly tarball no local data for lodash.once@https://registry.npmjs.org/lodash.once/-/lodash.once-4.1.1.tgz. Extracting by manifest.
211 silly tarball no local data for lodash.isplainobject@https://registry.npmjs.org/lodash.isplainobject/-/lodash.isplainobject-4.0.6.tgz. Extracting by manifest.
212 silly tarball no local data for lodash.isstring@https://registry.npmjs.org/lodash.isstring/-/lodash.isstring-4.0.1.tgz. Extracting by manifest.
213 silly tarball no local data for lodash.isnumber@https://registry.npmjs.org/lodash.isnumber/-/lodash.isnumber-3.0.3.tgz. Extracting by manifest.
214 silly tarball no local data for lodash.isinteger@https://registry.npmjs.org/lodash.isinteger/-/lodash.isinteger-4.0.4.tgz. Extracting by manifest.
215 silly tarball no local data for lodash.isboolean@https://registry.npmjs.org/lodash.isboolean/-/lodash.isboolean-3.0.3.tgz. Extracting by manifest.
216 silly tarball no local data for lodash.includes@https://registry.npmjs.org/lodash.includes/-/lodash.includes-4.3.0.tgz. Extracting by manifest.
217 silly tarball no local data for jws@https://registry.npmjs.org/jws/-/jws-3.2.2.tgz. Extracting by manifest.
218 silly tarball no local data for pg@https://registry.npmjs.org/pg/-/pg-8.16.3.tgz. Extracting by manifest.
219 silly tarball no local data for pg-connection-string@https://registry.npmjs.org/pg-connection-string/-/pg-connection-string-2.9.1.tgz. Extracting by manifest.
220 silly tarball no local data for bcryptjs@https://registry.npmjs.org/bcryptjs/-/bcryptjs-3.0.2.tgz. Extracting by manifest.
221 silly tarball no local data for jsonwebtoken@https://registry.npmjs.org/jsonwebtoken/-/jsonwebtoken-9.0.2.tgz. Extracting by manifest.
222 http fetch POST 200 https://registry.npmjs.org/-/npm/v1/security/advisories/bulk 182ms
223 silly audit report {}
224 http fetch GET 200 https://registry.npmjs.org/xtend/-/xtend-4.0.2.tgz 239ms (cache miss)
225 http fetch GET 200 https://registry.npmjs.org/split2/-/split2-4.2.0.tgz 243ms (cache miss)
226 http fetch GET 200 https://registry.npmjs.org/lodash.once/-/lodash.once-4.1.1.tgz 249ms (cache miss)
227 http fetch GET 200 https://registry.npmjs.org/jwa/-/jwa-1.4.2.tgz 251ms (cache miss)
228 http fetch GET 200 https://registry.npmjs.org/pg-int8/-/pg-int8-1.0.1.tgz 260ms (cache miss)
229 http fetch GET 200 https://registry.npmjs.org/lodash.isstring/-/lodash.isstring-4.0.1.tgz 255ms (cache miss)
230 http fetch GET 200 https://registry.npmjs.org/lodash.isplainobject/-/lodash.isplainobject-4.0.6.tgz 257ms (cache miss)
231 http fetch GET 200 https://registry.npmjs.org/postgres-interval/-/postgres-interval-1.2.0.tgz 267ms (cache miss)
232 http fetch GET 200 https://registry.npmjs.org/postgres-date/-/postgres-date-1.0.7.tgz 267ms (cache miss)
233 http fetch GET 200 https://registry.npmjs.org/postgres-bytea/-/postgres-bytea-1.0.0.tgz 267ms (cache miss)
234 http fetch GET 200 https://registry.npmjs.org/postgres-array/-/postgres-array-2.0.0.tgz 268ms (cache miss)
235 http fetch GET 200 https://registry.npmjs.org/lodash.isboolean/-/lodash.isboolean-3.0.3.tgz 261ms (cache miss)
236 http fetch GET 200 https://registry.npmjs.org/jws/-/jws-3.2.2.tgz 262ms (cache miss)
237 http fetch GET 200 https://registry.npmjs.org/pgpass/-/pgpass-1.0.5.tgz 272ms (cache miss)
238 http fetch GET 200 https://registry.npmjs.org/lodash.isnumber/-/lodash.isnumber-3.0.3.tgz 267ms (cache miss)
239 http fetch GET 200 https://registry.npmjs.org/lodash.isinteger/-/lodash.isinteger-4.0.4.tgz 266ms (cache miss)
240 http fetch GET 200 https://registry.npmjs.org/buffer-equal-constant-time/-/buffer-equal-constant-time-1.0.1.tgz 270ms (cache miss)
241 http fetch GET 200 https://registry.npmjs.org/pg-connection-string/-/pg-connection-string-2.9.1.tgz 271ms (cache miss)
242 http fetch GET 200 https://registry.npmjs.org/lodash.includes/-/lodash.includes-4.3.0.tgz 275ms (cache miss)
243 http fetch GET 200 https://registry.npmjs.org/ecdsa-sig-formatter/-/ecdsa-sig-formatter-1.0.11.tgz 281ms (cache miss)
244 http fetch GET 200 https://registry.npmjs.org/pg-cloudflare/-/pg-cloudflare-1.2.7.tgz 286ms (cache miss)
245 http fetch GET 200 https://registry.npmjs.org/pg-pool/-/pg-pool-3.10.1.tgz 288ms (cache miss)
246 http fetch GET 200 https://registry.npmjs.org/pg-types/-/pg-types-2.2.0.tgz 295ms (cache miss)
247 http fetch GET 200 https://registry.npmjs.org/jsonwebtoken/-/jsonwebtoken-9.0.2.tgz 173ms (cache miss)
248 http fetch GET 200 https://registry.npmjs.org/bcryptjs/-/bcryptjs-3.0.2.tgz 301ms (cache miss)
249 http fetch GET 200 https://registry.npmjs.org/pg/-/pg-8.16.3.tgz 312ms (cache miss)
250 http fetch GET 200 https://registry.npmjs.org/pg-protocol/-/pg-protocol-1.10.3.tgz 324ms (cache miss)
251 silly ADD node_modules/xtend
252 silly ADD node_modules/split2
253 silly ADD node_modules/postgres-interval
254 silly ADD node_modules/postgres-date
255 silly ADD node_modules/postgres-bytea
256 silly ADD node_modules/postgres-array
257 silly ADD node_modules/pg-int8
258 silly ADD node_modules/pgpass
259 silly ADD node_modules/pg-types
260 silly ADD node_modules/pg-protocol
261 silly ADD node_modules/pg-pool
262 silly ADD node_modules/pg-connection-string
263 silly ADD node_modules/pg-cloudflare
264 silly ADD node_modules/ecdsa-sig-formatter
265 silly ADD node_modules/buffer-equal-constant-time
266 silly ADD node_modules/jwa
267 silly ADD node_modules/lodash.once
268 silly ADD node_modules/lodash.isstring
269 silly ADD node_modules/lodash.isplainobject
270 silly ADD node_modules/lodash.isnumber
271 silly ADD node_modules/lodash.isinteger
272 silly ADD node_modules/lodash.isboolean
273 silly ADD node_modules/lodash.includes
274 silly ADD node_modules/jws
275 silly ADD node_modules/pg
276 silly ADD node_modules/jsonwebtoken
277 silly ADD node_modules/jsonwebtoken/node_modules/ms
278 silly ADD node_modules/bcryptjs
279 silly ADD
280 verbose cwd /home/ubuntu/constructx/backend
281 verbose os Linux 6.1.102
282 verbose node v22.13.0
283 verbose npm  v10.9.2
284 verbose exit 0
285 info ok
