0 verbose cli /home/ubuntu/.nvm/versions/node/v22.13.0/bin/node /home/ubuntu/.nvm/versions/node/v22.13.0/bin/npm
1 info using npm@10.9.2
2 info using node@v22.13.0
3 silly config load:file:/home/ubuntu/.nvm/versions/node/v22.13.0/lib/node_modules/npm/npmrc
4 silly config load:file:/home/ubuntu/.cache/typescript/5.8/.npmrc
5 silly config load:file:/home/ubuntu/.npmrc
6 silly config load:file:/home/ubuntu/.nvm/versions/node/v22.13.0/etc/npmrc
7 verbose title npm install @types/body-parser@ts5.8 @types/cookie-parser@ts5.8 @types/serve-static@ts5.8 @types/vary@ts5.8 @types/cors@ts5.8 @types/express@ts5.8 @types/merge-descriptors@ts5.8 @types/morgan@ts5.8 @types/object-assign@ts5.8
8 verbose argv "install" "--ignore-scripts" "@types/body-parser@ts5.8" "@types/cookie-parser@ts5.8" "@types/serve-static@ts5.8" "@types/vary@ts5.8" "@types/cors@ts5.8" "@types/express@ts5.8" "@types/merge-descriptors@ts5.8" "@types/morgan@ts5.8" "@types/object-assign@ts5.8" "--save-dev" "--user-agent" "typesInstaller/5.8.3"
9 verbose logfile logs-max:10 dir:/home/ubuntu/.npm/_logs/2025-07-11T07_22_01_876Z-
10 verbose logfile /home/ubuntu/.npm/_logs/2025-07-11T07_22_01_876Z-debug-0.log
11 silly logfile start cleaning logs, removing 1 files
12 silly packumentCache heap:2117074944 maxSize:529268736 maxEntrySize:264634368
13 silly logfile done cleaning log files
14 silly packumentCache corgi:https://registry.npmjs.org/@types%2fbody-parser cache-miss
15 silly packumentCache corgi:https://registry.npmjs.org/@types%2fcookie-parser cache-miss
16 silly packumentCache corgi:https://registry.npmjs.org/@types%2fserve-static cache-miss
17 silly packumentCache corgi:https://registry.npmjs.org/@types%2fvary cache-miss
18 silly packumentCache corgi:https://registry.npmjs.org/@types%2fcors cache-miss
19 silly packumentCache corgi:https://registry.npmjs.org/@types%2fexpress cache-miss
20 silly packumentCache corgi:https://registry.npmjs.org/@types%2fmerge-descriptors cache-miss
21 silly packumentCache corgi:https://registry.npmjs.org/@types%2fmorgan cache-miss
22 silly packumentCache corgi:https://registry.npmjs.org/@types%2fobject-assign cache-miss
23 http fetch GET 200 https://registry.npmjs.org/@types%2fbody-parser 184ms (cache miss)
24 silly packumentCache corgi:https://registry.npmjs.org/@types%2fbody-parser set size:undefined disposed:false
25 http fetch GET 200 https://registry.npmjs.org/@types%2fserve-static 190ms (cache miss)
26 silly packumentCache corgi:https://registry.npmjs.org/@types%2fserve-static set size:undefined disposed:false
27 http fetch GET 200 https://registry.npmjs.org/@types%2fmorgan 190ms (cache miss)
28 silly packumentCache corgi:https://registry.npmjs.org/@types%2fmorgan set size:undefined disposed:false
29 http fetch GET 200 https://registry.npmjs.org/@types%2fcookie-parser 200ms (cache miss)
30 silly packumentCache corgi:https://registry.npmjs.org/@types%2fcookie-parser set size:undefined disposed:false
31 http fetch GET 200 https://registry.npmjs.org/@types%2fvary 200ms (cache miss)
32 silly packumentCache corgi:https://registry.npmjs.org/@types%2fvary set size:undefined disposed:false
33 http fetch GET 200 https://registry.npmjs.org/@types%2fobject-assign 206ms (cache miss)
34 silly packumentCache corgi:https://registry.npmjs.org/@types%2fobject-assign set size:undefined disposed:false
35 http fetch GET 200 https://registry.npmjs.org/@types%2fexpress 209ms (cache miss)
36 silly packumentCache corgi:https://registry.npmjs.org/@types%2fexpress set size:undefined disposed:false
37 http fetch GET 200 https://registry.npmjs.org/@types%2fcors 386ms (cache miss)
38 silly packumentCache corgi:https://registry.npmjs.org/@types%2fcors set size:undefined disposed:false
39 http fetch GET 200 https://registry.npmjs.org/@types%2fmerge-descriptors 497ms (cache miss)
40 silly packumentCache corgi:https://registry.npmjs.org/@types%2fmerge-descriptors set size:undefined disposed:false
41 silly idealTree buildDeps
42 silly fetch manifest @types/body-parser@1.19.6
43 silly packumentCache full:https://registry.npmjs.org/@types%2fbody-parser cache-miss
44 http fetch GET 200 https://registry.npmjs.org/@types%2fbody-parser 54ms (cache miss)
45 silly packumentCache full:https://registry.npmjs.org/@types%2fbody-parser set size:undefined disposed:false
46 silly fetch manifest @types/serve-static@1.15.8
47 silly packumentCache full:https://registry.npmjs.org/@types%2fserve-static cache-miss
48 http fetch GET 200 https://registry.npmjs.org/@types%2fserve-static 53ms (cache miss)
49 silly packumentCache full:https://registry.npmjs.org/@types%2fserve-static set size:undefined disposed:false
50 silly fetch manifest @types/morgan@1.9.10
51 silly packumentCache full:https://registry.npmjs.org/@types%2fmorgan cache-miss
52 http fetch GET 200 https://registry.npmjs.org/@types%2fmorgan 47ms (cache miss)
53 silly packumentCache full:https://registry.npmjs.org/@types%2fmorgan set size:undefined disposed:false
54 silly fetch manifest @types/cookie-parser@1.4.9
55 silly packumentCache full:https://registry.npmjs.org/@types%2fcookie-parser cache-miss
56 http fetch GET 200 https://registry.npmjs.org/@types%2fcookie-parser 42ms (cache miss)
57 silly packumentCache full:https://registry.npmjs.org/@types%2fcookie-parser set size:undefined disposed:false
58 silly fetch manifest @types/express@5.0.3
59 silly packumentCache full:https://registry.npmjs.org/@types%2fexpress cache-miss
60 http fetch GET 200 https://registry.npmjs.org/@types%2fexpress 48ms (cache miss)
61 silly packumentCache full:https://registry.npmjs.org/@types%2fexpress set size:undefined disposed:false
62 silly fetch manifest @types/vary@1.1.3
63 silly packumentCache full:https://registry.npmjs.org/@types%2fvary cache-miss
64 http fetch GET 200 https://registry.npmjs.org/@types%2fvary 47ms (cache miss)
65 silly packumentCache full:https://registry.npmjs.org/@types%2fvary set size:undefined disposed:false
66 silly fetch manifest @types/object-assign@4.0.33
67 silly packumentCache full:https://registry.npmjs.org/@types%2fobject-assign cache-miss
68 http fetch GET 200 https://registry.npmjs.org/@types%2fobject-assign 46ms (cache miss)
69 silly packumentCache full:https://registry.npmjs.org/@types%2fobject-assign set size:undefined disposed:false
70 silly fetch manifest @types/cors@2.8.19
71 silly packumentCache full:https://registry.npmjs.org/@types%2fcors cache-miss
72 http fetch GET 200 https://registry.npmjs.org/@types%2fcors 40ms (cache miss)
73 silly packumentCache full:https://registry.npmjs.org/@types%2fcors set size:undefined disposed:false
74 silly fetch manifest @types/merge-descriptors@1.0.3
75 silly packumentCache full:https://registry.npmjs.org/@types%2fmerge-descriptors cache-miss
76 http fetch GET 200 https://registry.npmjs.org/@types%2fmerge-descriptors 38ms (cache miss)
77 silly packumentCache full:https://registry.npmjs.org/@types%2fmerge-descriptors set size:undefined disposed:false
78 silly placeDep ROOT @types/body-parser@1.19.6 OK for:  want: 1.19.6
79 silly placeDep ROOT @types/cookie-parser@1.4.9 OK for:  want: 1.4.9
80 silly placeDep ROOT @types/express@5.0.3 OK for: @types/cookie-parser@1.4.9 want: *
81 silly placeDep ROOT @types/cors@2.8.19 OK for:  want: 2.8.19
82 silly placeDep ROOT @types/express@5.0.3 REPLACE for:  want: 5.0.3
83 silly placeDep ROOT @types/merge-descriptors@1.0.3 OK for:  want: 1.0.3
84 silly placeDep ROOT @types/morgan@1.9.10 OK for:  want: 1.9.10
85 silly placeDep ROOT @types/object-assign@4.0.33 OK for:  want: 4.0.33
86 silly placeDep ROOT @types/serve-static@1.15.8 OK for:  want: 1.15.8
87 silly placeDep ROOT @types/vary@1.1.3 OK for:  want: 1.1.3
88 silly fetch manifest @types/connect@*
89 silly packumentCache full:https://registry.npmjs.org/@types%2fconnect cache-miss
90 silly fetch manifest @types/serve-static@*
91 silly packumentCache full:https://registry.npmjs.org/@types%2fserve-static cache-miss
92 silly fetch manifest @types/express-serve-static-core@^5.0.0
93 silly packumentCache full:https://registry.npmjs.org/@types%2fexpress-serve-static-core cache-miss
94 http cache https://registry.npmjs.org/@types%2fserve-static 12ms (cache hit)
95 silly packumentCache full:https://registry.npmjs.org/@types%2fserve-static set size:65261 disposed:false
96 silly fetch manifest @types/express-serve-static-core@^5.0.0
97 silly packumentCache full:https://registry.npmjs.org/@types%2fexpress-serve-static-core cache-miss
98 http fetch GET 200 https://registry.npmjs.org/@types%2fconnect 42ms (cache miss)
99 silly packumentCache full:https://registry.npmjs.org/@types%2fconnect set size:undefined disposed:false
100 silly fetch manifest @types/send@*
101 silly packumentCache full:https://registry.npmjs.org/@types%2fsend cache-miss
102 http fetch GET 200 https://registry.npmjs.org/@types%2fexpress-serve-static-core 48ms (cache miss)
103 silly packumentCache full:https://registry.npmjs.org/@types%2fexpress-serve-static-core set size:undefined disposed:false
104 silly fetch manifest @types/http-errors@*
105 silly packumentCache full:https://registry.npmjs.org/@types%2fhttp-errors cache-miss
106 http fetch GET 200 https://registry.npmjs.org/@types%2fexpress-serve-static-core 54ms (cache miss)
107 silly packumentCache full:https://registry.npmjs.org/@types%2fexpress-serve-static-core set size:undefined disposed:false
108 http fetch GET 200 https://registry.npmjs.org/@types%2fsend 57ms (cache miss)
109 silly packumentCache full:https://registry.npmjs.org/@types%2fsend set size:undefined disposed:false
110 http fetch GET 200 https://registry.npmjs.org/@types%2fhttp-errors 49ms (cache miss)
111 silly packumentCache full:https://registry.npmjs.org/@types%2fhttp-errors set size:undefined disposed:false
112 silly placeDep ROOT @types/connect@3.4.38 OK for: @types/body-parser@1.19.6 want: *
113 silly placeDep ROOT @types/express-serve-static-core@5.0.7 OK for: @types/express@5.0.3 want: ^5.0.0
114 silly fetch manifest @types/qs@*
115 silly packumentCache full:https://registry.npmjs.org/@types%2fqs cache-miss
116 silly fetch manifest @types/range-parser@*
117 silly packumentCache full:https://registry.npmjs.org/@types%2frange-parser cache-miss
118 http fetch GET 200 https://registry.npmjs.org/@types%2frange-parser 40ms (cache miss)
119 silly packumentCache full:https://registry.npmjs.org/@types%2frange-parser set size:undefined disposed:false
120 http fetch GET 200 https://registry.npmjs.org/@types%2fqs 52ms (cache miss)
121 silly packumentCache full:https://registry.npmjs.org/@types%2fqs set size:undefined disposed:false
122 silly placeDep ROOT @types/qs@6.14.0 OK for: @types/express-serve-static-core@5.0.7 want: *
123 silly placeDep ROOT @types/range-parser@1.2.7 OK for: @types/express-serve-static-core@5.0.7 want: *
124 silly placeDep ROOT @types/send@0.17.5 OK for: @types/express-serve-static-core@5.0.7 want: *
125 silly fetch manifest @types/mime@^1
126 silly packumentCache full:https://registry.npmjs.org/@types%2fmime cache-miss
127 http fetch GET 200 https://registry.npmjs.org/@types%2fmime 34ms (cache miss)
128 silly packumentCache full:https://registry.npmjs.org/@types%2fmime set size:undefined disposed:false
129 silly placeDep ROOT @types/mime@1.3.5 OK for: @types/send@0.17.5 want: ^1
130 silly placeDep ROOT @types/http-errors@2.0.5 OK for: @types/serve-static@1.15.8 want: *
131 silly reify moves {}
132 silly audit bulk request {
132 silly audit   '@types/jsonwebtoken': [ '9.0.10' ],
132 silly audit   '@types/ms': [ '2.1.0' ],
132 silly audit   '@types/node': [ '24.0.10' ],
132 silly audit   '@types/nodemailer': [ '6.4.17' ],
132 silly audit   '@types/pg': [ '8.15.4' ],
132 silly audit   '@types/pg-pool': [ '2.0.6' ],
132 silly audit   '@types/react': [ '19.1.8' ],
132 silly audit   csstype: [ '3.1.3' ],
132 silly audit   'pg-int8': [ '1.0.1' ],
132 silly audit   'pg-protocol': [ '1.10.3' ],
132 silly audit   'pg-types': [ '2.2.0' ],
132 silly audit   'postgres-array': [ '2.0.0' ],
132 silly audit   'postgres-bytea': [ '1.0.0' ],
132 silly audit   'postgres-date': [ '1.0.7' ],
132 silly audit   'postgres-interval': [ '1.2.0' ],
132 silly audit   'types-registry': [ '0.1.728' ],
132 silly audit   'undici-types': [ '7.8.0' ],
132 silly audit   xtend: [ '4.0.2' ],
132 silly audit   '@types/body-parser': [ '1.19.6' ],
132 silly audit   '@types/cookie-parser': [ '1.4.9' ],
132 silly audit   '@types/cors': [ '2.8.19' ],
132 silly audit   '@types/express': [ '5.0.3' ],
132 silly audit   '@types/merge-descriptors': [ '1.0.3' ],
132 silly audit   '@types/morgan': [ '1.9.10' ],
132 silly audit   '@types/object-assign': [ '4.0.33' ],
132 silly audit   '@types/serve-static': [ '1.15.8' ],
132 silly audit   '@types/vary': [ '1.1.3' ],
132 silly audit   '@types/connect': [ '3.4.38' ],
132 silly audit   '@types/express-serve-static-core': [ '5.0.7' ],
132 silly audit   '@types/qs': [ '6.14.0' ],
132 silly audit   '@types/range-parser': [ '1.2.7' ],
132 silly audit   '@types/send': [ '0.17.5' ],
132 silly audit   '@types/mime': [ '1.3.5' ],
132 silly audit   '@types/http-errors': [ '2.0.5' ]
132 silly audit }
133 http cache @types/http-errors@https://registry.npmjs.org/@types/http-errors/-/http-errors-2.0.5.tgz 0ms (cache hit)
134 http cache @types/mime@https://registry.npmjs.org/@types/mime/-/mime-1.3.5.tgz 0ms (cache hit)
135 http cache @types/send@https://registry.npmjs.org/@types/send/-/send-0.17.5.tgz 1ms (cache hit)
136 http cache @types/range-parser@https://registry.npmjs.org/@types/range-parser/-/range-parser-1.2.7.tgz 0ms (cache hit)
137 http cache @types/express-serve-static-core@https://registry.npmjs.org/@types/express-serve-static-core/-/express-serve-static-core-5.0.7.tgz 0ms (cache hit)
138 http cache @types/qs@https://registry.npmjs.org/@types/qs/-/qs-6.14.0.tgz 0ms (cache hit)
139 http cache @types/connect@https://registry.npmjs.org/@types/connect/-/connect-3.4.38.tgz 0ms (cache hit)
140 http cache @types/vary@https://registry.npmjs.org/@types/vary/-/vary-1.1.3.tgz 0ms (cache hit)
141 http cache @types/serve-static@https://registry.npmjs.org/@types/serve-static/-/serve-static-1.15.8.tgz 0ms (cache hit)
142 http cache @types/object-assign@https://registry.npmjs.org/@types/object-assign/-/object-assign-4.0.33.tgz 0ms (cache hit)
143 http cache @types/morgan@https://registry.npmjs.org/@types/morgan/-/morgan-1.9.10.tgz 0ms (cache hit)
144 http cache @types/merge-descriptors@https://registry.npmjs.org/@types/merge-descriptors/-/merge-descriptors-1.0.3.tgz 0ms (cache hit)
145 http cache @types/express@https://registry.npmjs.org/@types/express/-/express-5.0.3.tgz 0ms (cache hit)
146 http cache @types/cors@https://registry.npmjs.org/@types/cors/-/cors-2.8.19.tgz 0ms (cache hit)
147 http cache @types/cookie-parser@https://registry.npmjs.org/@types/cookie-parser/-/cookie-parser-1.4.9.tgz 0ms (cache hit)
148 http cache @types/body-parser@https://registry.npmjs.org/@types/body-parser/-/body-parser-1.19.6.tgz 0ms (cache hit)
149 silly tarball no local data for @types/http-errors@https://registry.npmjs.org/@types/http-errors/-/http-errors-2.0.5.tgz. Extracting by manifest.
150 silly tarball no local data for @types/mime@https://registry.npmjs.org/@types/mime/-/mime-1.3.5.tgz. Extracting by manifest.
151 silly tarball no local data for @types/send@https://registry.npmjs.org/@types/send/-/send-0.17.5.tgz. Extracting by manifest.
152 silly tarball no local data for @types/range-parser@https://registry.npmjs.org/@types/range-parser/-/range-parser-1.2.7.tgz. Extracting by manifest.
153 silly tarball no local data for @types/express-serve-static-core@https://registry.npmjs.org/@types/express-serve-static-core/-/express-serve-static-core-5.0.7.tgz. Extracting by manifest.
154 silly tarball no local data for @types/qs@https://registry.npmjs.org/@types/qs/-/qs-6.14.0.tgz. Extracting by manifest.
155 silly tarball no local data for @types/connect@https://registry.npmjs.org/@types/connect/-/connect-3.4.38.tgz. Extracting by manifest.
156 silly tarball no local data for @types/vary@https://registry.npmjs.org/@types/vary/-/vary-1.1.3.tgz. Extracting by manifest.
157 silly tarball no local data for @types/serve-static@https://registry.npmjs.org/@types/serve-static/-/serve-static-1.15.8.tgz. Extracting by manifest.
158 silly tarball no local data for @types/object-assign@https://registry.npmjs.org/@types/object-assign/-/object-assign-4.0.33.tgz. Extracting by manifest.
159 silly tarball no local data for @types/morgan@https://registry.npmjs.org/@types/morgan/-/morgan-1.9.10.tgz. Extracting by manifest.
160 silly tarball no local data for @types/merge-descriptors@https://registry.npmjs.org/@types/merge-descriptors/-/merge-descriptors-1.0.3.tgz. Extracting by manifest.
161 silly tarball no local data for @types/express@https://registry.npmjs.org/@types/express/-/express-5.0.3.tgz. Extracting by manifest.
162 silly tarball no local data for @types/cors@https://registry.npmjs.org/@types/cors/-/cors-2.8.19.tgz. Extracting by manifest.
163 silly tarball no local data for @types/cookie-parser@https://registry.npmjs.org/@types/cookie-parser/-/cookie-parser-1.4.9.tgz. Extracting by manifest.
164 silly tarball no local data for @types/body-parser@https://registry.npmjs.org/@types/body-parser/-/body-parser-1.19.6.tgz. Extracting by manifest.
165 http fetch POST 200 https://registry.npmjs.org/-/npm/v1/security/advisories/bulk 141ms
166 silly audit report {}
167 http fetch GET 200 https://registry.npmjs.org/@types/connect/-/connect-3.4.38.tgz 151ms (cache miss)
168 http fetch GET 200 https://registry.npmjs.org/@types/mime/-/mime-1.3.5.tgz 156ms (cache miss)
169 http fetch GET 200 https://registry.npmjs.org/@types/range-parser/-/range-parser-1.2.7.tgz 156ms (cache miss)
170 http fetch GET 200 https://registry.npmjs.org/@types/vary/-/vary-1.1.3.tgz 155ms (cache miss)
171 http fetch GET 200 https://registry.npmjs.org/@types/cookie-parser/-/cookie-parser-1.4.9.tgz 151ms (cache miss)
172 http fetch GET 200 https://registry.npmjs.org/@types/qs/-/qs-6.14.0.tgz 157ms (cache miss)
173 http fetch GET 200 https://registry.npmjs.org/@types/http-errors/-/http-errors-2.0.5.tgz 161ms (cache miss)
174 http fetch GET 200 https://registry.npmjs.org/@types/send/-/send-0.17.5.tgz 161ms (cache miss)
175 http fetch GET 200 https://registry.npmjs.org/@types/morgan/-/morgan-1.9.10.tgz 157ms (cache miss)
176 http fetch GET 200 https://registry.npmjs.org/@types/body-parser/-/body-parser-1.19.6.tgz 155ms (cache miss)
177 http fetch GET 200 https://registry.npmjs.org/@types/merge-descriptors/-/merge-descriptors-1.0.3.tgz 157ms (cache miss)
178 http fetch GET 200 https://registry.npmjs.org/@types/express/-/express-5.0.3.tgz 158ms (cache miss)
179 http fetch GET 200 https://registry.npmjs.org/@types/serve-static/-/serve-static-1.15.8.tgz 160ms (cache miss)
180 http fetch GET 200 https://registry.npmjs.org/@types/cors/-/cors-2.8.19.tgz 158ms (cache miss)
181 http fetch GET 200 https://registry.npmjs.org/@types/object-assign/-/object-assign-4.0.33.tgz 160ms (cache miss)
182 http fetch GET 200 https://registry.npmjs.org/@types/express-serve-static-core/-/express-serve-static-core-5.0.7.tgz 164ms (cache miss)
183 silly ADD node_modules/@types/http-errors
184 silly ADD node_modules/@types/mime
185 silly ADD node_modules/@types/send
186 silly ADD node_modules/@types/range-parser
187 silly ADD node_modules/@types/qs
188 silly ADD node_modules/@types/express-serve-static-core
189 silly ADD node_modules/@types/connect
190 silly ADD node_modules/@types/vary
191 silly ADD node_modules/@types/serve-static
192 silly ADD node_modules/@types/object-assign
193 silly ADD node_modules/@types/morgan
194 silly ADD node_modules/@types/merge-descriptors
195 silly ADD node_modules/@types/express
196 silly ADD node_modules/@types/cors
197 silly ADD node_modules/@types/cookie-parser
198 silly ADD node_modules/@types/body-parser
199 verbose cwd /home/ubuntu/.cache/typescript/5.8
200 verbose os Linux 6.1.102
201 verbose node v22.13.0
202 verbose npm  v10.9.2
203 verbose exit 0
204 info ok
