0 verbose cli /home/ubuntu/.nvm/versions/node/v22.13.0/bin/node /home/ubuntu/.nvm/versions/node/v22.13.0/bin/npm
1 info using npm@10.9.2
2 info using node@v22.13.0
3 silly config load:file:/home/ubuntu/.nvm/versions/node/v22.13.0/lib/node_modules/npm/npmrc
4 silly config load:file:/home/ubuntu/constructx/frontend/.npmrc
5 silly config load:file:/home/ubuntu/.npmrc
6 silly config load:file:/home/ubuntu/.nvm/versions/node/v22.13.0/etc/npmrc
7 verbose title npm run dev
8 verbose argv "run" "dev"
9 verbose logfile logs-max:10 dir:/home/ubuntu/.npm/_logs/2025-07-09T07_03_06_022Z-
10 verbose logfile /home/ubuntu/.npm/_logs/2025-07-09T07_03_06_022Z-debug-0.log
11 silly logfile start cleaning logs, removing 1 files
12 silly logfile done cleaning log files
13 verbose cwd /home/ubuntu/constructx/frontend
14 verbose os Linux 6.1.102
15 verbose node v22.13.0
16 verbose npm  v10.9.2
17 verbose exit 1
18 verbose code 1
19 error A complete log of this run can be found in: /home/ubuntu/.npm/_logs/2025-07-09T07_03_06_022Z-debug-0.log
