0 verbose cli /home/ubuntu/.nvm/versions/node/v22.13.0/bin/node /home/ubuntu/.nvm/versions/node/v22.13.0/bin/npm
1 info using npm@10.9.2
2 info using node@v22.13.0
3 silly config load:file:/home/ubuntu/.nvm/versions/node/v22.13.0/lib/node_modules/npm/npmrc
4 silly config load:file:/home/ubuntu/constructx/backend/.npmrc
5 silly config load:file:/home/ubuntu/.npmrc
6 silly config load:file:/home/ubuntu/.nvm/versions/node/v22.13.0/etc/npmrc
7 verbose title npm install
8 verbose argv "install"
9 verbose logfile logs-max:10 dir:/home/ubuntu/.npm/_logs/2025-05-26T09_32_54_610Z-
10 verbose logfile /home/ubuntu/.npm/_logs/2025-05-26T09_32_54_610Z-debug-0.log
11 silly logfile done cleaning log files
12 silly packumentCache heap:2117074944 maxSize:529268736 maxEntrySize:264634368
13 silly idealTree buildDeps
14 silly reify moves {}
15 verbose stack Error: Could not read package.json: Error: ENOENT: no such file or directory, open '/home/ubuntu/constructx/backend/package.json'
15 verbose stack     at async open (node:internal/fs/promises:638:25)
15 verbose stack     at async readFile (node:internal/fs/promises:1242:14)
15 verbose stack     at async read (/home/ubuntu/.nvm/versions/node/v22.13.0/lib/node_modules/npm/node_modules/@npmcli/package-json/lib/read-package.js:9:18)
15 verbose stack     at async PackageJson.load (/home/ubuntu/.nvm/versions/node/v22.13.0/lib/node_modules/npm/node_modules/@npmcli/package-json/lib/index.js:131:31)
15 verbose stack     at async PackageJson.normalize (/home/ubuntu/.nvm/versions/node/v22.13.0/lib/node_modules/npm/node_modules/@npmcli/package-json/lib/index.js:117:5)
15 verbose stack     at async runScript (/home/ubuntu/.nvm/versions/node/v22.13.0/lib/node_modules/npm/node_modules/@npmcli/run-script/lib/run-script.js:11:28)
15 verbose stack     at async Install.exec (/home/ubuntu/.nvm/versions/node/v22.13.0/lib/node_modules/npm/lib/commands/install.js:163:9)
15 verbose stack     at async Npm.exec (/home/ubuntu/.nvm/versions/node/v22.13.0/lib/node_modules/npm/lib/npm.js:207:9)
15 verbose stack     at async module.exports (/home/ubuntu/.nvm/versions/node/v22.13.0/lib/node_modules/npm/lib/cli/entry.js:74:5)
16 error code ENOENT
17 error syscall open
18 error path /home/ubuntu/constructx/backend/package.json
19 error errno -2
20 error enoent Could not read package.json: Error: ENOENT: no such file or directory, open '/home/ubuntu/constructx/backend/package.json'
21 error enoent This is related to npm not being able to find a file.
21 error enoent
22 verbose cwd /home/ubuntu/constructx/backend
23 verbose os Linux 6.1.102
24 verbose node v22.13.0
25 verbose npm  v10.9.2
26 verbose exit -2
27 verbose code -2
28 error A complete log of this run can be found in: /home/ubuntu/.npm/_logs/2025-05-26T09_32_54_610Z-debug-0.log
