0 verbose cli /home/ubuntu/.nvm/versions/node/v22.13.0/bin/node /home/ubuntu/.nvm/versions/node/v22.13.0/bin/npm
1 info using npm@10.9.2
2 info using node@v22.13.0
3 silly config load:file:/home/ubuntu/.nvm/versions/node/v22.13.0/lib/node_modules/npm/npmrc
4 silly config load:file:/home/ubuntu/constructx/frontend/.npmrc
5 silly config load:file:/home/ubuntu/.npmrc
6 silly config load:file:/home/ubuntu/.nvm/versions/node/v22.13.0/etc/npmrc
7 verbose title npm install react-router-dom
8 verbose argv "install" "react-router-dom"
9 verbose logfile logs-max:10 dir:/home/ubuntu/.npm/_logs/2025-05-21T09_29_55_618Z-
10 verbose logfile /home/ubuntu/.npm/_logs/2025-05-21T09_29_55_618Z-debug-0.log
11 silly logfile done cleaning log files
12 silly packumentCache heap:2117074944 maxSize:529268736 maxEntrySize:264634368
13 silly idealTree buildDeps
14 silly fetch manifest react-router-dom@*
15 silly packumentCache full:https://registry.npmjs.org/react-router-dom cache-miss
16 http fetch GET 200 https://registry.npmjs.org/react-router-dom 154ms (cache miss)
17 silly packumentCache full:https://registry.npmjs.org/react-router-dom set size:undefined disposed:false
18 silly fetch manifest react@^18.3.1
19 silly packumentCache full:https://registry.npmjs.org/react cache-miss
20 http fetch GET 200 https://registry.npmjs.org/react 118ms (cache miss)
21 silly packumentCache full:https://registry.npmjs.org/react set size:undefined disposed:false
22 silly fetch manifest react-dom@^18.3.1
23 silly packumentCache full:https://registry.npmjs.org/react-dom cache-miss
24 http fetch GET 200 https://registry.npmjs.org/react-dom 187ms (cache miss)
25 silly packumentCache full:https://registry.npmjs.org/react-dom set size:undefined disposed:false
26 silly placeDep ROOT react-router-dom@7.6.0 OK for: react_repo@0.0.0 want: *
27 silly fetch manifest react-router@7.6.0
28 silly packumentCache full:https://registry.npmjs.org/react-router cache-miss
29 http fetch GET 200 https://registry.npmjs.org/react-router 60ms (cache miss)
30 silly packumentCache full:https://registry.npmjs.org/react-router set size:undefined disposed:false
31 silly fetch manifest react-router-dom@^6.21.1
32 silly packumentCache full:https://registry.npmjs.org/react-router-dom cache-miss
33 http cache https://registry.npmjs.org/react-router-dom 15ms (cache hit)
34 silly packumentCache full:https://registry.npmjs.org/react-router-dom set size:1887281 disposed:false
35 silly fetch manifest react@>=16.8
36 silly packumentCache full:https://registry.npmjs.org/react cache-miss
37 http cache https://registry.npmjs.org/react 22ms (cache hit)
38 silly packumentCache full:https://registry.npmjs.org/react set size:5708863 disposed:false
39 silly fetch manifest react-dom@>=16.8
40 silly packumentCache full:https://registry.npmjs.org/react-dom cache-miss
41 http cache https://registry.npmjs.org/react-dom 26ms (cache hit)
42 silly packumentCache full:https://registry.npmjs.org/react-dom set size:7256298 disposed:false
43 silly fetch manifest config@0.0.0
44 silly packumentCache full:https://registry.npmjs.org/config cache-miss
45 http fetch GET 200 https://registry.npmjs.org/config 26ms (cache miss)
46 silly packumentCache full:https://registry.npmjs.org/config set size:undefined disposed:false
47 silly placeDep node_modules/.pnpm/@floating-ui+dom@1.7.0/node_modules/@floating-ui/dom config@ OK for: @floating-ui/dom@1.7.0 want: 0.0.0
48 silly placeDep node_modules/.pnpm/@floating-ui+dom@1.7.0/node_modules/@floating-ui/dom react-router-dom@6.30.1 CONFLICT for: @floating-ui/dom@1.7.0 want: ^6.21.1
49 silly fetch manifest react-router@6.30.1
50 silly packumentCache full:https://registry.npmjs.org/react-router cache-miss
51 silly fetch manifest @remix-run/router@1.23.0
52 silly packumentCache full:https://registry.npmjs.org/@remix-run%2frouter cache-miss
53 http cache https://registry.npmjs.org/react-router 12ms (cache hit)
54 silly packumentCache full:https://registry.npmjs.org/react-router set size:2376859 disposed:false
55 http fetch GET 200 https://registry.npmjs.org/@remix-run%2frouter 43ms (cache miss)
56 silly packumentCache full:https://registry.npmjs.org/@remix-run%2frouter set size:undefined disposed:false
57 silly fetch manifest @babel/cli@^7.23.0
58 silly packumentCache full:https://registry.npmjs.org/@babel%2fcli cache-miss
59 http fetch GET 200 https://registry.npmjs.org/@babel%2fcli 36ms (cache miss)
60 silly packumentCache full:https://registry.npmjs.org/@babel%2fcli set size:undefined disposed:false
61 silly fetch manifest @babel/core@^7.0.0-0
62 silly packumentCache full:https://registry.npmjs.org/@babel%2fcore cache-miss
63 http fetch GET 200 https://registry.npmjs.org/@babel%2fcore 43ms (cache miss)
64 silly packumentCache full:https://registry.npmjs.org/@babel%2fcore set size:undefined disposed:false
65 silly fetch manifest @babel/plugin-proposal-export-default-from@^7.22.17
66 silly packumentCache full:https://registry.npmjs.org/@babel%2fplugin-proposal-export-default-from cache-miss
67 http fetch GET 200 https://registry.npmjs.org/@babel%2fplugin-proposal-export-default-from 36ms (cache miss)
68 silly packumentCache full:https://registry.npmjs.org/@babel%2fplugin-proposal-export-default-from set size:undefined disposed:false
69 silly fetch manifest @babel/plugin-proposal-function-bind@^7.22.5
70 silly packumentCache full:https://registry.npmjs.org/@babel%2fplugin-proposal-function-bind cache-miss
71 http fetch GET 200 https://registry.npmjs.org/@babel%2fplugin-proposal-function-bind 38ms (cache miss)
72 silly packumentCache full:https://registry.npmjs.org/@babel%2fplugin-proposal-function-bind set size:undefined disposed:false
73 silly fetch manifest @babel/plugin-transform-runtime@^7.23.2
74 silly packumentCache full:https://registry.npmjs.org/@babel%2fplugin-transform-runtime cache-miss
75 http fetch GET 200 https://registry.npmjs.org/@babel%2fplugin-transform-runtime 37ms (cache miss)
76 silly packumentCache full:https://registry.npmjs.org/@babel%2fplugin-transform-runtime set size:undefined disposed:false
77 silly fetch manifest @babel/preset-env@^7.23.2
78 silly packumentCache full:https://registry.npmjs.org/@babel%2fpreset-env cache-miss
79 http fetch GET 200 https://registry.npmjs.org/@babel%2fpreset-env 46ms (cache miss)
80 silly packumentCache full:https://registry.npmjs.org/@babel%2fpreset-env set size:undefined disposed:false
81 silly fetch manifest @babel/preset-react@^7.22.15
82 silly packumentCache full:https://registry.npmjs.org/@babel%2fpreset-react cache-miss
83 http fetch GET 200 https://registry.npmjs.org/@babel%2fpreset-react 34ms (cache miss)
84 silly packumentCache full:https://registry.npmjs.org/@babel%2fpreset-react set size:undefined disposed:false
85 silly fetch manifest @babel/preset-typescript@^7.23.2
86 silly packumentCache full:https://registry.npmjs.org/@babel%2fpreset-typescript cache-miss
87 http fetch GET 200 https://registry.npmjs.org/@babel%2fpreset-typescript 32ms (cache miss)
88 silly packumentCache full:https://registry.npmjs.org/@babel%2fpreset-typescript set size:undefined disposed:false
89 silly fetch manifest @storybook/addon-a11y@^8.1.2
90 silly packumentCache full:https://registry.npmjs.org/@storybook%2faddon-a11y cache-miss
91 http fetch GET 200 https://registry.npmjs.org/@storybook%2faddon-a11y 165ms (cache miss)
92 silly packumentCache full:https://registry.npmjs.org/@storybook%2faddon-a11y set size:undefined disposed:false
93 silly fetch manifest storybook@^8.6.14
94 silly packumentCache full:https://registry.npmjs.org/storybook cache-miss
95 http fetch GET 200 https://registry.npmjs.org/storybook 200ms (cache miss)
96 silly packumentCache full:https://registry.npmjs.org/storybook set size:undefined disposed:false
97 silly fetch manifest prettier@^2 || ^3
98 silly packumentCache full:https://registry.npmjs.org/prettier cache-miss
99 http fetch GET 200 https://registry.npmjs.org/prettier 38ms (cache miss)
100 silly packumentCache full:https://registry.npmjs.org/prettier set size:undefined disposed:false
101 silly fetch manifest @storybook/addon-docs@^8.1.2
102 silly packumentCache full:https://registry.npmjs.org/@storybook%2faddon-docs cache-miss
103 http fetch GET 200 https://registry.npmjs.org/@storybook%2faddon-docs 184ms (cache miss)
104 silly packumentCache full:https://registry.npmjs.org/@storybook%2faddon-docs set size:undefined disposed:false
105 silly fetch manifest @storybook/addon-essentials@^8.1.2
106 silly packumentCache full:https://registry.npmjs.org/@storybook%2faddon-essentials cache-miss
107 http fetch GET 200 https://registry.npmjs.org/@storybook%2faddon-essentials 143ms (cache miss)
108 silly packumentCache full:https://registry.npmjs.org/@storybook%2faddon-essentials set size:undefined disposed:false
109 silly fetch manifest @storybook/addon-interactions@^8.1.2
110 silly packumentCache full:https://registry.npmjs.org/@storybook%2faddon-interactions cache-miss
111 http fetch GET 200 https://registry.npmjs.org/@storybook%2faddon-interactions 115ms (cache miss)
112 silly packumentCache full:https://registry.npmjs.org/@storybook%2faddon-interactions set size:undefined disposed:false
113 silly fetch manifest @storybook/addon-links@^8.1.2
114 silly packumentCache full:https://registry.npmjs.org/@storybook%2faddon-links cache-miss
115 http fetch GET 200 https://registry.npmjs.org/@storybook%2faddon-links 138ms (cache miss)
116 silly packumentCache full:https://registry.npmjs.org/@storybook%2faddon-links set size:undefined disposed:false
117 silly fetch manifest react@^16.0.0 || ^17.0.0 || ^18.0.0 || ^19.0.0
118 silly packumentCache full:https://registry.npmjs.org/react cache-miss
119 http cache https://registry.npmjs.org/react 31ms (cache hit)
120 silly packumentCache full:https://registry.npmjs.org/react set size:5708863 disposed:false
121 silly fetch manifest @storybook/addon-mdx-gfm@^8.1.2
122 silly packumentCache full:https://registry.npmjs.org/@storybook%2faddon-mdx-gfm cache-miss
123 http fetch GET 200 https://registry.npmjs.org/@storybook%2faddon-mdx-gfm 90ms (cache miss)
124 silly packumentCache full:https://registry.npmjs.org/@storybook%2faddon-mdx-gfm set size:undefined disposed:false
125 silly fetch manifest @storybook/addon-storysource@^8.1.2
126 silly packumentCache full:https://registry.npmjs.org/@storybook%2faddon-storysource cache-miss
127 http fetch GET 200 https://registry.npmjs.org/@storybook%2faddon-storysource 192ms (cache miss)
128 silly packumentCache full:https://registry.npmjs.org/@storybook%2faddon-storysource set size:undefined disposed:false
129 silly fetch manifest @storybook/addon-webpack5-compiler-swc@^1.0.2
130 silly packumentCache full:https://registry.npmjs.org/@storybook%2faddon-webpack5-compiler-swc cache-miss
131 http fetch GET 200 https://registry.npmjs.org/@storybook%2faddon-webpack5-compiler-swc 39ms (cache miss)
132 silly packumentCache full:https://registry.npmjs.org/@storybook%2faddon-webpack5-compiler-swc set size:undefined disposed:false
133 silly fetch manifest @storybook/manager-api@^8.1.2
134 silly packumentCache full:https://registry.npmjs.org/@storybook%2fmanager-api cache-miss
135 http fetch GET 200 https://registry.npmjs.org/@storybook%2fmanager-api 85ms (cache miss)
136 silly packumentCache full:https://registry.npmjs.org/@storybook%2fmanager-api set size:undefined disposed:false
137 silly fetch manifest storybook@^8.2.0 || ^8.3.0-0 || ^8.4.0-0 || ^8.5.0-0 || ^8.6.0-0
138 silly packumentCache full:https://registry.npmjs.org/storybook cache-miss
139 http cache https://registry.npmjs.org/storybook 31ms (cache hit)
140 silly packumentCache full:https://registry.npmjs.org/storybook set size:9886048 disposed:false
141 silly fetch manifest @storybook/react@^8.1.2
142 silly packumentCache full:https://registry.npmjs.org/@storybook%2freact cache-miss
143 http fetch GET 200 https://registry.npmjs.org/@storybook%2freact 146ms (cache miss)
144 silly packumentCache full:https://registry.npmjs.org/@storybook%2freact set size:undefined disposed:false
145 silly fetch manifest @storybook/test@8.6.14
146 silly packumentCache full:https://registry.npmjs.org/@storybook%2ftest cache-miss
147 http fetch GET 200 https://registry.npmjs.org/@storybook%2ftest 79ms (cache miss)
148 silly packumentCache full:https://registry.npmjs.org/@storybook%2ftest set size:undefined disposed:false
149 silly fetch manifest react-dom@^16.0.0 || ^17.0.0 || ^18.0.0 || ^19.0.0
150 silly packumentCache full:https://registry.npmjs.org/react-dom cache-miss
151 http cache https://registry.npmjs.org/react-dom 30ms (cache hit)
152 silly packumentCache full:https://registry.npmjs.org/react-dom set size:7256298 disposed:false
153 silly fetch manifest typescript@>= 4.2.x
154 silly packumentCache full:https://registry.npmjs.org/typescript cache-miss
155 http fetch GET 200 https://registry.npmjs.org/typescript 222ms (cache miss)
156 silly packumentCache full:https://registry.npmjs.org/typescript set size:undefined disposed:false
157 silly fetch manifest @storybook/react-webpack5@^8.1.2
158 silly packumentCache full:https://registry.npmjs.org/@storybook%2freact-webpack5 cache-miss
159 http fetch GET 200 https://registry.npmjs.org/@storybook%2freact-webpack5 104ms (cache miss)
160 silly packumentCache full:https://registry.npmjs.org/@storybook%2freact-webpack5 set size:undefined disposed:false
161 silly fetch manifest @storybook/source-loader@^8.1.2
162 silly packumentCache full:https://registry.npmjs.org/@storybook%2fsource-loader cache-miss
163 http fetch GET 200 https://registry.npmjs.org/@storybook%2fsource-loader 353ms (cache miss)
164 silly packumentCache full:https://registry.npmjs.org/@storybook%2fsource-loader set size:undefined disposed:false
165 silly fetch manifest @storybook/test-runner@^0.18.0
166 silly packumentCache full:https://registry.npmjs.org/@storybook%2ftest-runner cache-miss
167 http fetch GET 200 https://registry.npmjs.org/@storybook%2ftest-runner 118ms (cache miss)
168 silly packumentCache full:https://registry.npmjs.org/@storybook%2ftest-runner set size:undefined disposed:false
169 silly fetch manifest @storybook/theming@^8.1.2
170 silly packumentCache full:https://registry.npmjs.org/@storybook%2ftheming cache-miss
171 http fetch GET 200 https://registry.npmjs.org/@storybook%2ftheming 129ms (cache miss)
172 silly packumentCache full:https://registry.npmjs.org/@storybook%2ftheming set size:undefined disposed:false
173 silly fetch manifest @testing-library/jest-dom@^6.4.5
174 silly packumentCache full:https://registry.npmjs.org/@testing-library%2fjest-dom cache-miss
175 http fetch GET 200 https://registry.npmjs.org/@testing-library%2fjest-dom 44ms (cache miss)
176 silly packumentCache full:https://registry.npmjs.org/@testing-library%2fjest-dom set size:undefined disposed:false
177 silly fetch manifest @testing-library/react@^15.0.7
178 silly packumentCache full:https://registry.npmjs.org/@testing-library%2freact cache-miss
179 http fetch GET 200 https://registry.npmjs.org/@testing-library%2freact 36ms (cache miss)
180 silly packumentCache full:https://registry.npmjs.org/@testing-library%2freact set size:undefined disposed:false
181 silly fetch manifest @types/react@^18.0.0
182 silly packumentCache full:https://registry.npmjs.org/@types%2freact cache-miss
183 http fetch GET 200 https://registry.npmjs.org/@types%2freact 55ms (cache miss)
184 silly packumentCache full:https://registry.npmjs.org/@types%2freact set size:undefined disposed:false
185 silly fetch manifest react@^18.0.0
186 silly packumentCache full:https://registry.npmjs.org/react cache-miss
187 http cache https://registry.npmjs.org/react 17ms (cache hit)
188 silly packumentCache full:https://registry.npmjs.org/react set size:5708863 disposed:false
189 silly fetch manifest react-dom@^18.0.0
190 silly packumentCache full:https://registry.npmjs.org/react-dom cache-miss
191 http cache https://registry.npmjs.org/react-dom 22ms (cache hit)
192 silly packumentCache full:https://registry.npmjs.org/react-dom set size:7256298 disposed:false
193 silly fetch manifest @testing-library/user-event@^14.5.2
194 silly packumentCache full:https://registry.npmjs.org/@testing-library%2fuser-event cache-miss
195 http fetch GET 200 https://registry.npmjs.org/@testing-library%2fuser-event 47ms (cache miss)
196 silly packumentCache full:https://registry.npmjs.org/@testing-library%2fuser-event set size:undefined disposed:false
197 silly fetch manifest @testing-library/dom@>=7.21.4
198 silly packumentCache full:https://registry.npmjs.org/@testing-library%2fdom cache-miss
199 http fetch GET 200 https://registry.npmjs.org/@testing-library%2fdom 48ms (cache miss)
200 silly packumentCache full:https://registry.npmjs.org/@testing-library%2fdom set size:undefined disposed:false
201 silly fetch manifest @types/d3-time-format@^4.0.0
202 silly packumentCache full:https://registry.npmjs.org/@types%2fd3-time-format cache-miss
203 http fetch GET 200 https://registry.npmjs.org/@types%2fd3-time-format 30ms (cache miss)
204 silly packumentCache full:https://registry.npmjs.org/@types%2fd3-time-format set size:undefined disposed:false
205 silly fetch manifest @types/lodash@^4.14.144
206 silly packumentCache full:https://registry.npmjs.org/@types%2flodash cache-miss
207 http fetch GET 200 https://registry.npmjs.org/@types%2flodash 34ms (cache miss)
208 silly packumentCache full:https://registry.npmjs.org/@types%2flodash set size:undefined disposed:false
209 silly fetch manifest @types/node@^14.18.34
210 silly packumentCache full:https://registry.npmjs.org/@types%2fnode cache-miss
211 http fetch GET 200 https://registry.npmjs.org/@types%2fnode 148ms (cache miss)
212 silly packumentCache full:https://registry.npmjs.org/@types%2fnode set size:undefined disposed:false
213 silly fetch manifest @types/react-is@^18.3.0
214 silly packumentCache full:https://registry.npmjs.org/@types%2freact-is cache-miss
215 http fetch GET 200 https://registry.npmjs.org/@types%2freact-is 35ms (cache miss)
216 silly packumentCache full:https://registry.npmjs.org/@types%2freact-is set size:undefined disposed:false
217 silly fetch manifest @types/react-router-dom@^5.1.7
218 silly packumentCache full:https://registry.npmjs.org/@types%2freact-router-dom cache-miss
219 http fetch GET 200 https://registry.npmjs.org/@types%2freact-router-dom 31ms (cache miss)
220 silly packumentCache full:https://registry.npmjs.org/@types%2freact-router-dom set size:undefined disposed:false
221 silly fetch manifest @typescript-eslint/eslint-plugin@^4.33.0
222 silly packumentCache full:https://registry.npmjs.org/@typescript-eslint%2feslint-plugin cache-miss
223 http fetch GET 200 https://registry.npmjs.org/@typescript-eslint%2feslint-plugin 230ms (cache miss)
224 silly packumentCache full:https://registry.npmjs.org/@typescript-eslint%2feslint-plugin set size:undefined disposed:false
225 silly fetch manifest @typescript-eslint/parser@^4.0.0
226 silly packumentCache full:https://registry.npmjs.org/@typescript-eslint%2fparser cache-miss
227 http fetch GET 200 https://registry.npmjs.org/@typescript-eslint%2fparser 206ms (cache miss)
228 silly packumentCache full:https://registry.npmjs.org/@typescript-eslint%2fparser set size:undefined disposed:false
229 silly fetch manifest eslint@^5.0.0 || ^6.0.0 || ^7.0.0
230 silly packumentCache full:https://registry.npmjs.org/eslint cache-miss
231 http fetch GET 200 https://registry.npmjs.org/eslint 49ms (cache miss)
232 silly packumentCache full:https://registry.npmjs.org/eslint set size:undefined disposed:false
233 silly fetch manifest @typescript-eslint/parser@^4.33.0
234 silly packumentCache full:https://registry.npmjs.org/@typescript-eslint%2fparser cache-miss
235 http cache https://registry.npmjs.org/@typescript-eslint%2fparser 48ms (cache hit)
236 silly packumentCache full:https://registry.npmjs.org/@typescript-eslint%2fparser set size:13853017 disposed:false
237 silly fetch manifest @vitest/coverage-v8@^0.34.6
238 silly packumentCache full:https://registry.npmjs.org/@vitest%2fcoverage-v8 cache-miss
239 http fetch GET 200 https://registry.npmjs.org/@vitest%2fcoverage-v8 39ms (cache miss)
240 silly packumentCache full:https://registry.npmjs.org/@vitest%2fcoverage-v8 set size:undefined disposed:false
241 silly fetch manifest vitest@>=0.32.0 <1
242 silly packumentCache full:https://registry.npmjs.org/vitest cache-miss
243 http fetch GET 200 https://registry.npmjs.org/vitest 46ms (cache miss)
244 silly packumentCache full:https://registry.npmjs.org/vitest set size:undefined disposed:false
245 silly fetch manifest @edge-runtime/vm@*
246 silly packumentCache full:https://registry.npmjs.org/@edge-runtime%2fvm cache-miss
247 http fetch GET 200 https://registry.npmjs.org/@edge-runtime%2fvm 36ms (cache miss)
248 silly packumentCache full:https://registry.npmjs.org/@edge-runtime%2fvm set size:undefined disposed:false
249 silly fetch manifest @vitest/browser@*
250 silly packumentCache full:https://registry.npmjs.org/@vitest%2fbrowser cache-miss
251 http fetch GET 200 https://registry.npmjs.org/@vitest%2fbrowser 42ms (cache miss)
252 silly packumentCache full:https://registry.npmjs.org/@vitest%2fbrowser set size:undefined disposed:false
253 silly fetch manifest playwright@*
254 silly packumentCache full:https://registry.npmjs.org/playwright cache-miss
255 http fetch GET 200 https://registry.npmjs.org/playwright 229ms (cache miss)
256 silly packumentCache full:https://registry.npmjs.org/playwright set size:undefined disposed:false
257 silly fetch manifest vitest@3.1.4
258 silly packumentCache full:https://registry.npmjs.org/vitest cache-miss
259 http cache https://registry.npmjs.org/vitest 17ms (cache hit)
260 silly packumentCache full:https://registry.npmjs.org/vitest set size:1822363 disposed:false
261 silly fetch manifest @types/debug@^4.1.12
262 silly packumentCache full:https://registry.npmjs.org/@types%2fdebug cache-miss
263 http fetch GET 200 https://registry.npmjs.org/@types%2fdebug 30ms (cache miss)
264 silly packumentCache full:https://registry.npmjs.org/@types%2fdebug set size:undefined disposed:false
265 silly fetch manifest @types/node@^18.0.0 || ^20.0.0 || >=22.0.0
266 silly packumentCache full:https://registry.npmjs.org/@types%2fnode cache-miss
267 http cache https://registry.npmjs.org/@types%2fnode 29ms (cache hit)
268 silly packumentCache full:https://registry.npmjs.org/@types%2fnode set size:10105918 disposed:false
269 silly fetch manifest @vitest/browser@3.1.4
270 silly packumentCache full:https://registry.npmjs.org/@vitest%2fbrowser cache-miss
271 http cache https://registry.npmjs.org/@vitest%2fbrowser 7ms (cache hit)
272 silly packumentCache full:https://registry.npmjs.org/@vitest%2fbrowser set size:528105 disposed:false
273 silly fetch manifest webdriverio@^7.0.0 || ^8.0.0 || ^9.0.0
274 silly packumentCache full:https://registry.npmjs.org/webdriverio cache-miss
275 http fetch GET 200 https://registry.npmjs.org/webdriverio 58ms (cache miss)
276 silly packumentCache full:https://registry.npmjs.org/webdriverio set size:undefined disposed:false
277 silly fetch manifest puppeteer-core@>=22.x || <=24.x
278 silly packumentCache full:https://registry.npmjs.org/puppeteer-core cache-miss
279 http fetch GET 200 https://registry.npmjs.org/puppeteer-core 35ms (cache miss)
280 silly packumentCache full:https://registry.npmjs.org/puppeteer-core set size:undefined disposed:false
281 silly fetch manifest @vitest/ui@3.1.4
282 silly packumentCache full:https://registry.npmjs.org/@vitest%2fui cache-miss
283 http fetch GET 200 https://registry.npmjs.org/@vitest%2fui 48ms (cache miss)
284 silly packumentCache full:https://registry.npmjs.org/@vitest%2fui set size:undefined disposed:false
285 silly fetch manifest happy-dom@*
286 silly packumentCache full:https://registry.npmjs.org/happy-dom cache-miss
287 http fetch GET 200 https://registry.npmjs.org/happy-dom 45ms (cache miss)
288 silly packumentCache full:https://registry.npmjs.org/happy-dom set size:undefined disposed:false
289 silly fetch manifest jsdom@*
290 silly packumentCache full:https://registry.npmjs.org/jsdom cache-miss
291 http fetch GET 200 https://registry.npmjs.org/jsdom 40ms (cache miss)
292 silly packumentCache full:https://registry.npmjs.org/jsdom set size:undefined disposed:false
293 silly fetch manifest canvas@^3.0.0
294 silly packumentCache full:https://registry.npmjs.org/canvas cache-miss
295 http fetch GET 200 https://registry.npmjs.org/canvas 23ms (cache miss)
296 silly packumentCache full:https://registry.npmjs.org/canvas set size:undefined disposed:false
297 silly fetch manifest @vitest/ui@*
298 silly packumentCache full:https://registry.npmjs.org/@vitest%2fui cache-miss
299 http cache https://registry.npmjs.org/@vitest%2fui 5ms (cache hit)
300 silly packumentCache full:https://registry.npmjs.org/@vitest%2fui set size:1023833 disposed:false
301 silly fetch manifest safaridriver@*
302 silly packumentCache full:https://registry.npmjs.org/safaridriver cache-miss
303 http fetch GET 200 https://registry.npmjs.org/safaridriver 21ms (cache miss)
304 silly packumentCache full:https://registry.npmjs.org/safaridriver set size:undefined disposed:false
305 silly fetch manifest babel-loader@^9.1.3
306 silly packumentCache full:https://registry.npmjs.org/babel-loader cache-miss
307 http fetch GET 200 https://registry.npmjs.org/babel-loader 25ms (cache miss)
308 silly packumentCache full:https://registry.npmjs.org/babel-loader set size:undefined disposed:false
309 silly fetch manifest @babel/core@^7.12.0
310 silly packumentCache full:https://registry.npmjs.org/@babel%2fcore cache-miss
311 http cache https://registry.npmjs.org/@babel%2fcore 10ms (cache hit)
312 silly packumentCache full:https://registry.npmjs.org/@babel%2fcore set size:702395 disposed:false
313 silly fetch manifest webpack@>=5
314 silly packumentCache full:https://registry.npmjs.org/webpack cache-miss
315 http fetch GET 200 https://registry.npmjs.org/webpack 80ms (cache miss)
316 silly packumentCache full:https://registry.npmjs.org/webpack set size:undefined disposed:false
317 silly fetch manifest babel-plugin-dev-expression@^0.2.3
318 silly packumentCache full:https://registry.npmjs.org/babel-plugin-dev-expression cache-miss
319 http fetch GET 200 https://registry.npmjs.org/babel-plugin-dev-expression 38ms (cache miss)
320 silly packumentCache full:https://registry.npmjs.org/babel-plugin-dev-expression set size:undefined disposed:false
321 silly fetch manifest @babel/core@^7.0.0
322 silly packumentCache full:https://registry.npmjs.org/@babel%2fcore cache-hit
323 silly fetch manifest babel-plugin-lodash@^3.3.4
324 silly packumentCache full:https://registry.npmjs.org/babel-plugin-lodash cache-miss
325 http fetch GET 200 https://registry.npmjs.org/babel-plugin-lodash 26ms (cache miss)
326 silly packumentCache full:https://registry.npmjs.org/babel-plugin-lodash set size:undefined disposed:false
327 silly fetch manifest chromatic@^11.4.0
328 silly packumentCache full:https://registry.npmjs.org/chromatic cache-miss
329 http fetch GET 200 https://registry.npmjs.org/chromatic 160ms (cache miss)
330 silly packumentCache full:https://registry.npmjs.org/chromatic set size:undefined disposed:false
331 silly fetch manifest @chromatic-com/cypress@^0.*.* || ^1.0.0
332 silly packumentCache full:https://registry.npmjs.org/@chromatic-com%2fcypress cache-miss
333 http fetch GET 200 https://registry.npmjs.org/@chromatic-com%2fcypress 42ms (cache miss)
334 silly packumentCache full:https://registry.npmjs.org/@chromatic-com%2fcypress set size:undefined disposed:false
335 silly fetch manifest @chromatic-com/playwright@^0.*.* || ^1.0.0
336 silly packumentCache full:https://registry.npmjs.org/@chromatic-com%2fplaywright cache-miss
337 http fetch GET 200 https://registry.npmjs.org/@chromatic-com%2fplaywright 40ms (cache miss)
338 silly packumentCache full:https://registry.npmjs.org/@chromatic-com%2fplaywright set size:undefined disposed:false
339 silly fetch manifest @playwright/test@^1.0.0
340 silly packumentCache full:https://registry.npmjs.org/@playwright%2ftest cache-miss
341 http fetch GET 200 https://registry.npmjs.org/@playwright%2ftest 160ms (cache miss)
342 silly packumentCache full:https://registry.npmjs.org/@playwright%2ftest set size:undefined disposed:false
343 silly fetch manifest concurrently@^7.6.0
344 silly packumentCache full:https://registry.npmjs.org/concurrently cache-miss
345 http fetch GET 200 https://registry.npmjs.org/concurrently 27ms (cache miss)
346 silly packumentCache full:https://registry.npmjs.org/concurrently set size:undefined disposed:false
347 silly fetch manifest cross-env@^7.0.3
348 silly packumentCache full:https://registry.npmjs.org/cross-env cache-miss
349 http fetch GET 200 https://registry.npmjs.org/cross-env 22ms (cache miss)
350 silly packumentCache full:https://registry.npmjs.org/cross-env set size:undefined disposed:false
351 silly fetch manifest d3-scale-chromatic@^3.0.0
352 silly packumentCache full:https://registry.npmjs.org/d3-scale-chromatic cache-miss
353 http fetch GET 200 https://registry.npmjs.org/d3-scale-chromatic 21ms (cache miss)
354 silly packumentCache full:https://registry.npmjs.org/d3-scale-chromatic set size:undefined disposed:false
355 silly fetch manifest eslint@^7.32.0
356 silly packumentCache full:https://registry.npmjs.org/eslint cache-miss
357 http cache https://registry.npmjs.org/eslint 7ms (cache hit)
358 silly packumentCache full:https://registry.npmjs.org/eslint set size:1776716 disposed:false
359 silly fetch manifest eslint-config-airbnb@^18.2.1
360 silly packumentCache full:https://registry.npmjs.org/eslint-config-airbnb cache-miss
361 http fetch GET 200 https://registry.npmjs.org/eslint-config-airbnb 29ms (cache miss)
362 silly packumentCache full:https://registry.npmjs.org/eslint-config-airbnb set size:undefined disposed:false
363 silly fetch manifest eslint@^5.16.0 || ^6.8.0 || ^7.2.0
364 silly packumentCache full:https://registry.npmjs.org/eslint cache-miss
365 http cache https://registry.npmjs.org/eslint 7ms (cache hit)
366 silly packumentCache full:https://registry.npmjs.org/eslint set size:1776716 disposed:false
367 silly fetch manifest eslint-plugin-import@^2.22.1
368 silly packumentCache full:https://registry.npmjs.org/eslint-plugin-import cache-miss
369 http fetch GET 200 https://registry.npmjs.org/eslint-plugin-import 28ms (cache miss)
370 silly packumentCache full:https://registry.npmjs.org/eslint-plugin-import set size:undefined disposed:false
371 silly fetch manifest eslint-plugin-jsx-a11y@^6.4.1
372 silly packumentCache full:https://registry.npmjs.org/eslint-plugin-jsx-a11y cache-miss
373 http fetch GET 200 https://registry.npmjs.org/eslint-plugin-jsx-a11y 25ms (cache miss)
374 silly packumentCache full:https://registry.npmjs.org/eslint-plugin-jsx-a11y set size:undefined disposed:false
375 silly fetch manifest eslint-plugin-react@^7.21.5
376 silly packumentCache full:https://registry.npmjs.org/eslint-plugin-react cache-miss
377 http fetch GET 200 https://registry.npmjs.org/eslint-plugin-react 37ms (cache miss)
378 silly packumentCache full:https://registry.npmjs.org/eslint-plugin-react set size:undefined disposed:false
379 silly fetch manifest eslint-plugin-react-hooks@^4 || ^3 || ^2.3.0 || ^1.7.0
380 silly packumentCache full:https://registry.npmjs.org/eslint-plugin-react-hooks cache-miss
381 http fetch GET 200 https://registry.npmjs.org/eslint-plugin-react-hooks 83ms (cache miss)
382 silly packumentCache full:https://registry.npmjs.org/eslint-plugin-react-hooks set size:undefined disposed:false
383 silly fetch manifest eslint-config-prettier@^7.2.0
384 silly packumentCache full:https://registry.npmjs.org/eslint-config-prettier cache-miss
385 http fetch GET 200 https://registry.npmjs.org/eslint-config-prettier 30ms (cache miss)
386 silly packumentCache full:https://registry.npmjs.org/eslint-config-prettier set size:undefined disposed:false
387 silly fetch manifest eslint@>=7.0.0
388 silly packumentCache full:https://registry.npmjs.org/eslint cache-miss
389 http cache https://registry.npmjs.org/eslint 8ms (cache hit)
390 silly packumentCache full:https://registry.npmjs.org/eslint set size:1776716 disposed:false
391 silly fetch manifest jiti@*
392 silly packumentCache full:https://registry.npmjs.org/jiti cache-miss
393 http fetch GET 200 https://registry.npmjs.org/jiti 27ms (cache miss)
394 silly packumentCache full:https://registry.npmjs.org/jiti set size:undefined disposed:false
395 silly fetch manifest eslint-plugin-import@^2.26.0
396 silly packumentCache full:https://registry.npmjs.org/eslint-plugin-import cache-miss
397 http cache https://registry.npmjs.org/eslint-plugin-import 4ms (cache hit)
398 silly packumentCache full:https://registry.npmjs.org/eslint-plugin-import set size:478323 disposed:false
399 silly fetch manifest eslint@^2 || ^3 || ^4 || ^5 || ^6 || ^7.2.0 || ^8 || ^9
400 silly packumentCache full:https://registry.npmjs.org/eslint cache-miss
401 http cache https://registry.npmjs.org/eslint 7ms (cache hit)
402 silly packumentCache full:https://registry.npmjs.org/eslint set size:1776716 disposed:false
403 silly fetch manifest eslint-plugin-jsx-a11y@^6.6.1
404 silly packumentCache full:https://registry.npmjs.org/eslint-plugin-jsx-a11y cache-miss
405 http cache https://registry.npmjs.org/eslint-plugin-jsx-a11y 4ms (cache hit)
406 silly packumentCache full:https://registry.npmjs.org/eslint-plugin-jsx-a11y set size:280052 disposed:false
407 silly fetch manifest eslint@^3 || ^4 || ^5 || ^6 || ^7 || ^8 || ^9
408 silly packumentCache full:https://registry.npmjs.org/eslint cache-miss
409 http cache https://registry.npmjs.org/eslint 8ms (cache hit)
410 silly packumentCache full:https://registry.npmjs.org/eslint set size:1776716 disposed:false
411 silly fetch manifest eslint-plugin-prettier@^3.1.2
412 silly packumentCache full:https://registry.npmjs.org/eslint-plugin-prettier cache-miss
413 http fetch GET 200 https://registry.npmjs.org/eslint-plugin-prettier 23ms (cache miss)
414 silly packumentCache full:https://registry.npmjs.org/eslint-plugin-prettier set size:undefined disposed:false
415 silly fetch manifest eslint@>=5.0.0
416 silly packumentCache full:https://registry.npmjs.org/eslint cache-miss
417 http cache https://registry.npmjs.org/eslint 7ms (cache hit)
418 silly packumentCache full:https://registry.npmjs.org/eslint set size:1776716 disposed:false
419 silly fetch manifest prettier@>=1.13.0
420 silly packumentCache full:https://registry.npmjs.org/prettier cache-miss
421 http cache https://registry.npmjs.org/prettier 4ms (cache hit)
422 silly packumentCache full:https://registry.npmjs.org/prettier set size:587815 disposed:false
423 silly fetch manifest eslint-plugin-react@^7.31.11
424 silly packumentCache full:https://registry.npmjs.org/eslint-plugin-react cache-miss
425 http cache https://registry.npmjs.org/eslint-plugin-react 4ms (cache hit)
426 silly packumentCache full:https://registry.npmjs.org/eslint-plugin-react set size:646827 disposed:false
427 silly fetch manifest eslint@^3 || ^4 || ^5 || ^6 || ^7 || ^8 || ^9.7
428 silly packumentCache full:https://registry.npmjs.org/eslint cache-miss
429 http cache https://registry.npmjs.org/eslint 7ms (cache hit)
430 silly packumentCache full:https://registry.npmjs.org/eslint set size:1776716 disposed:false
431 silly fetch manifest eslint-plugin-react-hooks@^4.6.0
432 silly packumentCache full:https://registry.npmjs.org/eslint-plugin-react-hooks cache-miss
433 http cache https://registry.npmjs.org/eslint-plugin-react-hooks 18ms (cache hit)
434 silly packumentCache full:https://registry.npmjs.org/eslint-plugin-react-hooks set size:6030759 disposed:false
435 silly fetch manifest eslint@^3.0.0 || ^4.0.0 || ^5.0.0 || ^6.0.0 || ^7.0.0 || ^8.0.0-0
436 silly packumentCache full:https://registry.npmjs.org/eslint cache-miss
437 http cache https://registry.npmjs.org/eslint 24ms (cache hit)
438 silly packumentCache full:https://registry.npmjs.org/eslint set size:1776716 disposed:false
439 silly fetch manifest eslint-plugin-storybook@^0.6.15
440 silly packumentCache full:https://registry.npmjs.org/eslint-plugin-storybook cache-miss
441 http fetch GET 200 https://registry.npmjs.org/eslint-plugin-storybook 41ms (cache miss)
442 silly packumentCache full:https://registry.npmjs.org/eslint-plugin-storybook set size:undefined disposed:false
443 silly fetch manifest eslint@>=6
444 silly packumentCache full:https://registry.npmjs.org/eslint cache-miss
445 http cache https://registry.npmjs.org/eslint 7ms (cache hit)
446 silly packumentCache full:https://registry.npmjs.org/eslint set size:1776716 disposed:false
447 silly fetch manifest husky@^8.0.2
448 silly packumentCache full:https://registry.npmjs.org/husky cache-miss
449 http fetch GET 200 https://registry.npmjs.org/husky 37ms (cache miss)
450 silly packumentCache full:https://registry.npmjs.org/husky set size:undefined disposed:false
451 silly fetch manifest jsdom@^22.1.0
452 silly packumentCache full:https://registry.npmjs.org/jsdom cache-miss
453 http cache https://registry.npmjs.org/jsdom 5ms (cache hit)
454 silly packumentCache full:https://registry.npmjs.org/jsdom set size:1004829 disposed:false
455 silly fetch manifest canvas@^2.5.0
456 silly packumentCache full:https://registry.npmjs.org/canvas cache-miss
457 http cache https://registry.npmjs.org/canvas 3ms (cache hit)
458 silly packumentCache full:https://registry.npmjs.org/canvas set size:355251 disposed:false
459 silly fetch manifest lint-staged@^13.2.2
460 silly packumentCache full:https://registry.npmjs.org/lint-staged cache-miss
461 http fetch GET 200 https://registry.npmjs.org/lint-staged 30ms (cache miss)
462 silly packumentCache full:https://registry.npmjs.org/lint-staged set size:undefined disposed:false
463 silly fetch manifest prettier@^2.2.1
464 silly packumentCache full:https://registry.npmjs.org/prettier cache-hit
465 silly fetch manifest react-router-dom@^5.1.2
466 silly packumentCache full:https://registry.npmjs.org/react-router-dom cache-miss
467 http cache https://registry.npmjs.org/react-router-dom 10ms (cache hit)
468 silly packumentCache full:https://registry.npmjs.org/react-router-dom set size:1887281 disposed:false
469 silly fetch manifest rimraf@^3.0.2
470 silly packumentCache full:https://registry.npmjs.org/rimraf cache-miss
471 http fetch GET 200 https://registry.npmjs.org/rimraf 28ms (cache miss)
472 silly packumentCache full:https://registry.npmjs.org/rimraf set size:undefined disposed:false
473 silly fetch manifest storybook@^8.1.2
474 silly packumentCache full:https://registry.npmjs.org/storybook cache-miss
475 http cache https://registry.npmjs.org/storybook 29ms (cache hit)
476 silly packumentCache full:https://registry.npmjs.org/storybook set size:9886048 disposed:false
477 silly fetch manifest terser-webpack-plugin@^5.1.1
478 silly packumentCache full:https://registry.npmjs.org/terser-webpack-plugin cache-miss
479 http fetch GET 200 https://registry.npmjs.org/terser-webpack-plugin 31ms (cache miss)
480 silly packumentCache full:https://registry.npmjs.org/terser-webpack-plugin set size:undefined disposed:false
481 silly fetch manifest webpack@^5.1.0
482 silly packumentCache full:https://registry.npmjs.org/webpack cache-miss
483 http cache https://registry.npmjs.org/webpack 15ms (cache hit)
484 silly packumentCache full:https://registry.npmjs.org/webpack set size:4819554 disposed:false
485 silly fetch manifest ts-loader@^8.0.12
486 silly packumentCache full:https://registry.npmjs.org/ts-loader cache-miss
487 http fetch GET 200 https://registry.npmjs.org/ts-loader 28ms (cache miss)
488 silly packumentCache full:https://registry.npmjs.org/ts-loader set size:undefined disposed:false
489 silly fetch manifest typescript@*
490 silly packumentCache full:https://registry.npmjs.org/typescript cache-miss
491 http cache https://registry.npmjs.org/typescript 37ms (cache hit)
492 silly packumentCache full:https://registry.npmjs.org/typescript set size:14211190 disposed:false
493 silly fetch manifest webpack@*
494 silly packumentCache full:https://registry.npmjs.org/webpack cache-miss
495 http cache https://registry.npmjs.org/webpack 23ms (cache hit)
496 silly packumentCache full:https://registry.npmjs.org/webpack set size:4819554 disposed:false
497 silly fetch manifest typescript@4.9.5
498 silly packumentCache full:https://registry.npmjs.org/typescript cache-miss
499 http cache https://registry.npmjs.org/typescript 44ms (cache hit)
500 silly packumentCache full:https://registry.npmjs.org/typescript set size:14211190 disposed:false
501 silly fetch manifest vitest@^0.34.5
502 silly packumentCache full:https://registry.npmjs.org/vitest cache-miss
503 http cache https://registry.npmjs.org/vitest 23ms (cache hit)
504 silly packumentCache full:https://registry.npmjs.org/vitest set size:1822363 disposed:false
505 verbose stack TypeError: Cannot read properties of null (reading 'edgesOut')
505 verbose stack     at #loadPeerSet (/home/ubuntu/.nvm/versions/node/v22.13.0/lib/node_modules/npm/node_modules/@npmcli/arborist/lib/arborist/build-ideal-tree.js:1289:38)
505 verbose stack     at async #buildDepStep (/home/ubuntu/.nvm/versions/node/v22.13.0/lib/node_modules/npm/node_modules/@npmcli/arborist/lib/arborist/build-ideal-tree.js:904:11)
505 verbose stack     at async Arborist.buildIdealTree (/home/ubuntu/.nvm/versions/node/v22.13.0/lib/node_modules/npm/node_modules/@npmcli/arborist/lib/arborist/build-ideal-tree.js:181:7)
505 verbose stack     at async Promise.all (index 1)
505 verbose stack     at async Arborist.reify (/home/ubuntu/.nvm/versions/node/v22.13.0/lib/node_modules/npm/node_modules/@npmcli/arborist/lib/arborist/reify.js:131:5)
505 verbose stack     at async Install.exec (/home/ubuntu/.nvm/versions/node/v22.13.0/lib/node_modules/npm/lib/commands/install.js:150:5)
505 verbose stack     at async Npm.exec (/home/ubuntu/.nvm/versions/node/v22.13.0/lib/node_modules/npm/lib/npm.js:207:9)
505 verbose stack     at async module.exports (/home/ubuntu/.nvm/versions/node/v22.13.0/lib/node_modules/npm/lib/cli/entry.js:74:5)
506 error Cannot read properties of null (reading 'edgesOut')
507 silly unfinished npm timer reify 1747819795959
508 silly unfinished npm timer reify:loadTrees 1747819795960
509 silly unfinished npm timer idealTree:buildDeps 1747819798252
510 silly unfinished npm timer idealTree:node_modules/.pnpm/recharts@2.15.3_react-dom@18.3.1_react@18.3.1__react@18.3.1/node_modules/recharts 1747819799336
511 verbose cwd /home/ubuntu/constructx/frontend
512 verbose os Linux 6.1.102
513 verbose node v22.13.0
514 verbose npm  v10.9.2
515 verbose exit 1
516 verbose code 1
517 error A complete log of this run can be found in: /home/ubuntu/.npm/_logs/2025-05-21T09_29_55_618Z-debug-0.log
