2025-05-22 07:46:59.791 [info] Expanding terminal instance, old id 2f135562-1 -> new id undefined
2025-05-22 07:47:05.484 [warning] Persistent process "1": Process had no disconnect runners but was an orphan
2025-05-22 07:47:05.484 [info] Persistent process reconnection "1"
2025-05-22 07:47:06.173 [info] Persistent process "1": Replaying 7279 chars and 1 size events
2025-05-26 09:32:01.153 [info] Expanding terminal instance, old id 2f135562-1 -> new id undefined
2025-05-26 09:32:01.155 [info] Expanding terminal instance, old id 2f135562-2 -> new id undefined
2025-05-26 09:32:06.671 [warning] Persistent process "2": Process had no disconnect runners but was an orphan
2025-05-26 09:32:06.672 [info] Persistent process reconnection "2"
2025-05-26 09:32:06.992 [info] Persistent process "2": Replaying 1669 chars and 1 size events
2025-05-26 09:32:07.439 [warning] Persistent process "1": Process had no disconnect runners but was an orphan
2025-05-26 09:32:07.439 [info] Persistent process reconnection "1"
2025-05-26 09:32:07.740 [info] Persistent process "1": Replaying 7209 chars and 1 size events
2025-06-11 08:57:16.655 [info] Expanding terminal instance, old id -58e50d55-6 -> new id undefined
2025-06-11 08:57:22.199 [warning] Persistent process "6": Process had no disconnect runners but was an orphan
2025-06-11 08:57:22.199 [info] Persistent process reconnection "6"
2025-06-11 08:57:22.512 [info] Persistent process "6": Replaying 6947 chars and 1 size events
2025-07-08 14:00:19.312 [info] Expanding terminal instance, old id -4fba2cc7-10 -> new id undefined
2025-07-08 14:00:27.768 [warning] Persistent process "10": Process had no disconnect runners but was an orphan
2025-07-08 14:00:27.768 [info] Persistent process reconnection "10"
2025-07-08 14:00:28.064 [info] Persistent process "10": Replaying 53 chars and 1 size events
2025-07-08 14:21:26.102 [info] Expanding terminal instance, old id -4fba2cc7-10 -> new id undefined
2025-07-08 14:21:28.042 [warning] Persistent process "10": Process had no disconnect runners but was an orphan
2025-07-08 14:21:28.042 [info] Persistent process reconnection "10"
2025-07-08 14:21:29.205 [info] Persistent process "10": Replaying 53 chars and 1 size events
2025-07-11 07:00:24.128 [info] Expanding terminal instance, old id -4fba2cc7-10 -> new id undefined
2025-07-11 07:00:26.185 [warning] Persistent process "10": Process had no disconnect runners but was an orphan
2025-07-11 07:00:26.185 [info] Persistent process reconnection "10"
2025-07-11 07:00:26.472 [info] Persistent process "10": Replaying 53 chars and 1 size events
2025-07-11 07:18:49.455 [info] Expanding terminal instance, old id -4fba2cc7-11 -> new id undefined
2025-07-11 07:18:55.174 [warning] Persistent process "11": Process had no disconnect runners but was an orphan
2025-07-11 07:18:55.174 [info] Persistent process reconnection "11"
2025-07-11 07:18:55.473 [info] Persistent process "11": Replaying 7258 chars and 1 size events
