2025-05-22 02:49:12.567 [info] Reading sessions from keychain...
2025-05-22 02:49:12.567 [info] Getting sessions for all scopes...
2025-05-22 02:49:12.567 [info] Getting sessions for all scopes...
2025-05-22 02:49:12.567 [info] Got 0 sessions for ...
2025-05-22 02:49:12.567 [info] Got 0 sessions for ...
2025-05-22 02:49:12.853 [info] Getting sessions for read:user,repo,user:email,workflow...
2025-05-22 02:49:12.853 [info] Got 0 sessions for read:user,repo,user:email,workflow...
2025-05-22 03:02:18.533 [info] Getting sessions for read:user,repo,user:email,workflow...
2025-05-22 03:02:18.533 [info] Got 0 sessions for read:user,repo,user:email,workflow...
2025-05-22 03:02:20.835 [info] Logging in with 'any' account...
2025-05-22 03:02:20.836 [info] Logging in for the following scopes: read:user repo user:email workflow
2025-05-22 03:02:21.590 [info] Trying device code flow... (read:user repo user:email workflow)
2025-05-22 03:03:05.399 [info] Getting user info...
2025-05-22 03:03:05.887 [info] Got account info!
2025-05-22 03:03:05.888 [info] Storing 1 sessions...
2025-05-22 03:03:06.170 [info] Reading sessions from keychain...
2025-05-22 03:03:06.170 [info] Stored 1 sessions!
2025-05-22 03:03:06.171 [info] Login success!
2025-05-22 03:03:06.459 [info] Got stored sessions!
2025-05-22 03:03:06.547 [info] Got 1 verified sessions.
2025-05-22 03:03:07.110 [info] Getting sessions for read:user,repo,user:email,workflow...
2025-05-22 03:03:07.110 [info] Got 1 sessions for read:user,repo,user:email,workflow...
2025-05-22 03:03:08.995 [info] Getting sessions for read:user,repo,user:email,workflow...
2025-05-22 03:03:08.995 [info] Got 1 sessions for read:user,repo,user:email,workflow...
2025-05-22 03:04:15.214 [info] Getting sessions for read:user,repo,user:email,workflow...
2025-05-22 03:04:15.214 [info] Got 1 sessions for read:user,repo,user:email,workflow...
